18:37:40 **** Auto Build of configuration Debug for project sysmon_bsp_xzdma_simple_example_1 ****
make all 
'Building file: ../src/xzdma_simple_example.c'
'Invoking: ARM v8 gcc compiler'
aarch64-none-elf-gcc -Wall -O0 -g3 -c -fmessage-length=0 -MT"src/xzdma_simple_example.o" -I../../sysmon_bsp/psu_cortexa53_0/include -MMD -MP -MF"src/xzdma_simple_example.d" -MT"src/xzdma_simple_example.o" -o "src/xzdma_simple_example.o" "../src/xzdma_simple_example.c"
'Finished building: ../src/xzdma_simple_example.c'
' '
'Building target: sysmon_bsp_xzdma_simple_example_1.elf'
'Invoking: ARM v8 gcc linker'
aarch64-none-elf-gcc -Wl,-T -Wl,../src/lscript.ld -L../../sysmon_bsp/psu_cortexa53_0/lib -o "sysmon_bsp_xzdma_simple_example_1.elf"  ./src/xzdma_simple_example.o   
c:/xilinx/sdk/2019.1/gnu/aarch64/nt/aarch64-none/bin/../lib/gcc/aarch64-none-elf/8.2.0/../../../../aarch64-none-elf/bin/ld.exe: warning: cannot find entry symbol _vector_table; defaulting to 0000000000000000
c:/xilinx/sdk/2019.1/gnu/aarch64/nt/aarch64-none/bin/../lib/gcc/aarch64-none-elf/8.2.0/../../../../aarch64-none-elf/bin/ld.exe: ./src/xzdma_simple_example.o: in function `main':
C:\Users\Carina\Documents\ma_ck\zcu104_src_fixed\project_2\project_2.sdk\sysmon_bsp_xzdma_simple_example_1\Debug/../src/xzdma_simple_example.c:152: undefined reference to `xil_printf'
c:/xilinx/sdk/2019.1/gnu/aarch64/nt/aarch64-none/bin/../lib/gcc/aarch64-none-elf/8.2.0/../../../../aarch64-none-elf/bin/ld.exe: C:\Users\Carina\Documents\ma_ck\zcu104_src_fixed\project_2\project_2.sdk\sysmon_bsp_xzdma_simple_example_1\Debug/../src/xzdma_simple_example.c:156: undefined reference to `xil_printf'
c:/xilinx/sdk/2019.1/gnu/aarch64/nt/aarch64-none/bin/../lib/gcc/aarch64-none-elf/8.2.0/../../../../aarch64-none-elf/bin/ld.exe: ./src/xzdma_simple_example.o: in function `XZDma_SimpleExample':
C:\Users\Carina\Documents\ma_ck\zcu104_src_fixed\project_2\project_2.sdk\sysmon_bsp_xzdma_simple_example_1\Debug/../src/xzdma_simple_example.c:192: undefined reference to `XZDma_LookupConfig'
c:/xilinx/sdk/2019.1/gnu/aarch64/nt/aarch64-none/bin/../lib/gcc/aarch64-none-elf/8.2.0/../../../../aarch64-none-elf/bin/ld.exe: C:\Users\Carina\Documents\ma_ck\zcu104_src_fixed\project_2\project_2.sdk\sysmon_bsp_xzdma_simple_example_1\Debug/../src/xzdma_simple_example.c:197: undefined reference to `XZDma_CfgInitialize'
c:/xilinx/sdk/2019.1/gnu/aarch64/nt/aarch64-none/bin/../lib/gcc/aarch64-none-elf/8.2.0/../../../../aarch64-none-elf/bin/ld.exe: C:\Users\Carina\Documents\ma_ck\zcu104_src_fixed\project_2\project_2.sdk\sysmon_bsp_xzdma_simple_example_1\Debug/../src/xzdma_simple_example.c:204: undefined reference to `XZDma_SelfTest'
c:/xilinx/sdk/2019.1/gnu/aarch64/nt/aarch64-none/bin/../lib/gcc/aarch64-none-elf/8.2.0/../../../../aarch64-none-elf/bin/ld.exe: C:\Users\Carina\Documents\ma_ck\zcu104_src_fixed\project_2\project_2.sdk\sysmon_bsp_xzdma_simple_example_1\Debug/../src/xzdma_simple_example.c:219: undefined reference to `Xil_DCacheFlushRange'
c:/xilinx/sdk/2019.1/gnu/aarch64/nt/aarch64-none/bin/../lib/gcc/aarch64-none-elf/8.2.0/../../../../aarch64-none-elf/bin/ld.exe: C:\Users\Carina\Documents\ma_ck\zcu104_src_fixed\project_2\project_2.sdk\sysmon_bsp_xzdma_simple_example_1\Debug/../src/xzdma_simple_example.c:220: undefined reference to `Xil_DCacheInvalidateRange'
c:/xilinx/sdk/2019.1/gnu/aarch64/nt/aarch64-none/bin/../lib/gcc/aarch64-none-elf/8.2.0/../../../../aarch64-none-elf/bin/ld.exe: C:\Users\Carina\Documents\ma_ck\zcu104_src_fixed\project_2\project_2.sdk\sysmon_bsp_xzdma_simple_example_1\Debug/../src/xzdma_simple_example.c:224: undefined reference to `XZDma_SetMode'
c:/xilinx/sdk/2019.1/gnu/aarch64/nt/aarch64-none/bin/../lib/gcc/aarch64-none-elf/8.2.0/../../../../aarch64-none-elf/bin/ld.exe: C:\Users\Carina\Documents\ma_ck\zcu104_src_fixed\project_2\project_2.sdk\sysmon_bsp_xzdma_simple_example_1\Debug/../src/xzdma_simple_example.c:230: undefined reference to `XZDma_SetCallBack'
c:/xilinx/sdk/2019.1/gnu/aarch64/nt/aarch64-none/bin/../lib/gcc/aarch64-none-elf/8.2.0/../../../../aarch64-none-elf/bin/ld.exe: C:\Users\Carina\Documents\ma_ck\zcu104_src_fixed\project_2\project_2.sdk\sysmon_bsp_xzdma_simple_example_1\Debug/../src/xzdma_simple_example.c:232: undefined reference to `XZDma_SetCallBack'
c:/xilinx/sdk/2019.1/gnu/aarch64/nt/aarch64-none/bin/../lib/gcc/aarch64-none-elf/8.2.0/../../../../aarch64-none-elf/bin/ld.exe: C:\Users\Carina\Documents\ma_ck\zcu104_src_fixed\project_2\project_2.sdk\sysmon_bsp_xzdma_simple_example_1\Debug/../src/xzdma_simple_example.c:261: undefined reference to `XZDma_SetChDataConfig'
c:/xilinx/sdk/2019.1/gnu/aarch64/nt/aarch64-none/bin/../lib/gcc/aarch64-none-elf/8.2.0/../../../../aarch64-none-elf/bin/ld.exe: C:\Users\Carina\Documents\ma_ck\zcu104_src_fixed\project_2\project_2.sdk\sysmon_bsp_xzdma_simple_example_1\Debug/../src/xzdma_simple_example.c:272: undefined reference to `XZDma_Start'
c:/xilinx/sdk/2019.1/gnu/aarch64/nt/aarch64-none/bin/../lib/gcc/aarch64-none-elf/8.2.0/../../../../aarch64-none-elf/bin/ld.exe: C:\Users\Carina\Documents\ma_ck\zcu104_src_fixed\project_2\project_2.sdk\sysmon_bsp_xzdma_simple_example_1\Debug/../src/xzdma_simple_example.c:279: undefined reference to `xil_printf'
c:/xilinx/sdk/2019.1/gnu/aarch64/nt/aarch64-none/bin/../lib/gcc/aarch64-none-elf/8.2.0/../../../../aarch64-none-elf/bin/ld.exe: C:\Users\Carina\Documents\ma_ck\zcu104_src_fixed\project_2\project_2.sdk\sysmon_bsp_xzdma_simple_example_1\Debug/../src/xzdma_simple_example.c:281: undefined reference to `xil_printf'
c:/xilinx/sdk/2019.1/gnu/aarch64/nt/aarch64-none/bin/../lib/gcc/aarch64-none-elf/8.2.0/../../../../aarch64-none-elf/bin/ld.exe: ./src/xzdma_simple_example.o: in function `SetupInterruptSystem':
C:\Users\Carina\Documents\ma_ck\zcu104_src_fixed\project_2\project_2.sdk\sysmon_bsp_xzdma_simple_example_1\Debug/../src/xzdma_simple_example.c:375: undefined reference to `XScuGic_LookupConfig'
c:/xilinx/sdk/2019.1/gnu/aarch64/nt/aarch64-none/bin/../lib/gcc/aarch64-none-elf/8.2.0/../../../../aarch64-none-elf/bin/ld.exe: C:\Users\Carina\Documents\ma_ck\zcu104_src_fixed\project_2\project_2.sdk\sysmon_bsp_xzdma_simple_example_1\Debug/../src/xzdma_simple_example.c:380: undefined reference to `XScuGic_CfgInitialize'
c:/xilinx/sdk/2019.1/gnu/aarch64/nt/aarch64-none/bin/../lib/gcc/aarch64-none-elf/8.2.0/../../../../aarch64-none-elf/bin/ld.exe: C:\Users\Carina\Documents\ma_ck\zcu104_src_fixed\project_2\project_2.sdk\sysmon_bsp_xzdma_simple_example_1\Debug/../src/xzdma_simple_example.c:390: undefined reference to `XScuGic_InterruptHandler'
c:/xilinx/sdk/2019.1/gnu/aarch64/nt/aarch64-none/bin/../lib/gcc/aarch64-none-elf/8.2.0/../../../../aarch64-none-elf/bin/ld.exe: C:\Users\Carina\Documents\ma_ck\zcu104_src_fixed\project_2\project_2.sdk\sysmon_bsp_xzdma_simple_example_1\Debug/../src/xzdma_simple_example.c:390: undefined reference to `XScuGic_InterruptHandler'
c:/xilinx/sdk/2019.1/gnu/aarch64/nt/aarch64-none/bin/../lib/gcc/aarch64-none-elf/8.2.0/../../../../aarch64-none-elf/bin/ld.exe: C:\Users\Carina\Documents\ma_ck\zcu104_src_fixed\project_2\project_2.sdk\sysmon_bsp_xzdma_simple_example_1\Debug/../src/xzdma_simple_example.c:390: undefined reference to `Xil_ExceptionRegisterHandler'
c:/xilinx/sdk/2019.1/gnu/aarch64/nt/aarch64-none/bin/../lib/gcc/aarch64-none-elf/8.2.0/../../../../aarch64-none-elf/bin/ld.exe: C:\Users\Carina\Documents\ma_ck\zcu104_src_fixed\project_2\project_2.sdk\sysmon_bsp_xzdma_simple_example_1\Debug/../src/xzdma_simple_example.c:400: undefined reference to `XZDma_IntrHandler'
c:/xilinx/sdk/2019.1/gnu/aarch64/nt/aarch64-none/bin/../lib/gcc/aarch64-none-elf/8.2.0/../../../../aarch64-none-elf/bin/ld.exe: C:\Users\Carina\Documents\ma_ck\zcu104_src_fixed\project_2\project_2.sdk\sysmon_bsp_xzdma_simple_example_1\Debug/../src/xzdma_simple_example.c:400: undefined reference to `XZDma_IntrHandler'
c:/xilinx/sdk/2019.1/gnu/aarch64/nt/aarch64-none/bin/../lib/gcc/aarch64-none-elf/8.2.0/../../../../aarch64-none-elf/bin/ld.exe: C:\Users\Carina\Documents\ma_ck\zcu104_src_fixed\project_2\project_2.sdk\sysmon_bsp_xzdma_simple_example_1\Debug/../src/xzdma_simple_example.c:400: undefined reference to `XScuGic_Connect'
c:/xilinx/sdk/2019.1/gnu/aarch64/nt/aarch64-none/bin/../lib/gcc/aarch64-none-elf/8.2.0/../../../../aarch64-none-elf/bin/ld.exe: C:\Users\Carina\Documents\ma_ck\zcu104_src_fixed\project_2\project_2.sdk\sysmon_bsp_xzdma_simple_example_1\Debug/../src/xzdma_simple_example.c:410: undefined reference to `XScuGic_Enable'
c:/xilinx/sdk/2019.1/gnu/aarch64/nt/aarch64-none/bin/../lib/gcc/aarch64-none-elf/8.2.0/../../../../aarch64-none-elf/bin/ld.exe: c:/xilinx/sdk/2019.1/gnu/aarch64/nt/aarch64-none/bin/../aarch64-none-elf/libc/usr/lib\libc.a(lib_a-exit.o): in function `exit':
exit.c:(.text+0x30): undefined reference to `_exit'
collect2.exe: error: ld returned 1 exit status
make: *** [makefile:38: sysmon_bsp_xzdma_simple_example_1.elf] Error 1

18:37:41 Build Finished (took 1s.485ms)

