
*** Running vivado
    with args -log Base_Zynq_MPSoC_pwm_0_1.vds -m64 -product Vivado -mode batch -messageDb vivado.pb -notrace -source Base_Zynq_MPSoC_pwm_0_1.tcl


****** Vivado v2019.1 (64-bit)
  **** SW Build 2552052 on Fri May 24 14:47:09 MDT 2019
  **** IP Build 2548770 on Fri May 24 18:01:18 MDT 2019
    ** Copyright 1986-2019 Xilinx, Inc. All Rights Reserved.

source Base_Zynq_MPSoC_pwm_0_1.tcl -notrace
INFO: [IP_Flow 19-234] Refreshing IP repositories
WARNING: [IP_Flow 19-2248] Failed to load user IP repository '/home/manvar00/Downloads/workspace/ug871-design-files/ug871-design-files/Using_IP_with_Zynq/lab1/hls_macc/vhls_prj/solution1/impl/ip'; Can't find the specified path.
If this directory should no longer be in your list of user repositories, go to the IP Settings dialog and remove it.
WARNING: [IP_Flow 19-2248] Failed to load user IP repository '/home/manvar00/Downloads/workspace/ug871-design-files/ug871-design-files/Introduction/lab1/lab1/solution1/impl/ip'; Can't find the specified path.
If this directory should no longer be in your list of user repositories, go to the IP Settings dialog and remove it.
INFO: [IP_Flow 19-2313] Loaded Vivado IP repository '/Software/xilinx/2019.1-sdx/Vivado/2019.1/data/ip'.
update_ip_catalog: Time (s): cpu = 00:00:03 ; elapsed = 00:00:09 . Memory (MB): peak = 1512.809 ; gain = 24.750 ; free physical = 363 ; free virtual = 25428
Command: synth_design -top Base_Zynq_MPSoC_pwm_0_1 -part xczu7ev-ffvc1156-2-e -mode out_of_context
Starting synth_design
WARNING: [IP_Flow 19-3571] IP 'Base_Zynq_MPSoC_pwm_0_1' is restricted:
* Module reference is stale and needs refreshing.
Attempting to get a license for feature 'Synthesis' and/or device 'xczu7ev'
INFO: [Common 17-349] Got license for feature 'Synthesis' and/or device 'xczu7ev'
INFO: [Device 21-403] Loading part xczu7ev-ffvc1156-2-e
INFO: Launching helper process for spawning children vivado processes
INFO: Helper process launched with PID 19551 
---------------------------------------------------------------------------------
Starting RTL Elaboration : Time (s): cpu = 00:00:03 ; elapsed = 00:00:06 . Memory (MB): peak = 2512.430 ; gain = 0.000 ; free physical = 356 ; free virtual = 22706
---------------------------------------------------------------------------------
INFO: [Synth 8-6157] synthesizing module 'Base_Zynq_MPSoC_pwm_0_1' [/home/manvar00/Downloads/RELEASE DVD/vivado_designs/zcu104_src_power/project_2/project_2.srcs/sources_1/bd/Base_Zynq_MPSoC/ip/Base_Zynq_MPSoC_pwm_0_1/synth/Base_Zynq_MPSoC_pwm_0_1.v:58]
INFO: [Synth 8-638] synthesizing module 'pwm' [/home/manvar00/Downloads/RELEASE DVD/vivado_designs/zcu104_src_power/project_2/project_2.srcs/sources_1/imports/Downloads/pwm.vhd:44]
	Parameter sys_clk bound to: 100000000 - type: integer 
	Parameter pwm_freq bound to: 32 - type: integer 
	Parameter bits_resolution bound to: 8 - type: integer 
	Parameter phases bound to: 1 - type: integer 
WARNING: [Synth 8-614] signal 'duty_ena' is read in the process but is not in the sensitivity list [/home/manvar00/Downloads/RELEASE DVD/vivado_designs/zcu104_src_power/project_2/project_2.srcs/sources_1/imports/Downloads/pwm.vhd:54]
INFO: [Synth 8-256] done synthesizing module 'pwm' (1#1) [/home/manvar00/Downloads/RELEASE DVD/vivado_designs/zcu104_src_power/project_2/project_2.srcs/sources_1/imports/Downloads/pwm.vhd:44]
INFO: [Synth 8-6155] done synthesizing module 'Base_Zynq_MPSoC_pwm_0_1' (2#1) [/home/manvar00/Downloads/RELEASE DVD/vivado_designs/zcu104_src_power/project_2/project_2.srcs/sources_1/bd/Base_Zynq_MPSoC/ip/Base_Zynq_MPSoC_pwm_0_1/synth/Base_Zynq_MPSoC_pwm_0_1.v:58]
---------------------------------------------------------------------------------
Finished RTL Elaboration : Time (s): cpu = 00:00:04 ; elapsed = 00:00:08 . Memory (MB): peak = 2512.430 ; gain = 0.000 ; free physical = 399 ; free virtual = 22595
---------------------------------------------------------------------------------

Report Check Netlist: 
+------+------------------+-------+---------+-------+------------------+
|      |Item              |Errors |Warnings |Status |Description       |
+------+------------------+-------+---------+-------+------------------+
|1     |multi_driven_nets |      0|        0|Passed |Multi driven nets |
+------+------------------+-------+---------+-------+------------------+
---------------------------------------------------------------------------------
Start Handling Custom Attributes
---------------------------------------------------------------------------------
---------------------------------------------------------------------------------
Finished Handling Custom Attributes : Time (s): cpu = 00:00:04 ; elapsed = 00:00:09 . Memory (MB): peak = 2512.430 ; gain = 0.000 ; free physical = 358 ; free virtual = 22564
---------------------------------------------------------------------------------
---------------------------------------------------------------------------------
Finished RTL Optimization Phase 1 : Time (s): cpu = 00:00:04 ; elapsed = 00:00:09 . Memory (MB): peak = 2512.430 ; gain = 0.000 ; free physical = 358 ; free virtual = 22564
---------------------------------------------------------------------------------
INFO: [Project 1-570] Preparing netlist for logic optimization

Processing XDC Constraints
Initializing timing engine
Completed Processing XDC Constraints

Netlist sorting complete. Time (s): cpu = 00:00:00 ; elapsed = 00:00:00 . Memory (MB): peak = 2631.320 ; gain = 0.000 ; free physical = 356 ; free virtual = 22240
INFO: [Project 1-111] Unisim Transformation Summary:
No Unisim elements were transformed.

WARNING: [Constraints 18-5210] No constraints selected for write.
Resolution: This message can indicate that there are no constraints for the design, or it can indicate that the used_in flags are set such that the constraints are ignored. This later case is used when running synth_design to not write synthesis constraints to the resulting checkpoint. Instead, project constraints are read when the synthesized design is opened.
Constraint Validation Runtime : Time (s): cpu = 00:00:00.06 ; elapsed = 00:00:00.40 . Memory (MB): peak = 2655.137 ; gain = 23.816 ; free physical = 355 ; free virtual = 22239
---------------------------------------------------------------------------------
Finished Constraint Validation : Time (s): cpu = 00:00:11 ; elapsed = 00:00:26 . Memory (MB): peak = 2655.137 ; gain = 142.707 ; free physical = 392 ; free virtual = 22136
---------------------------------------------------------------------------------
---------------------------------------------------------------------------------
Start Loading Part and Timing Information
---------------------------------------------------------------------------------
Loading part: xczu7ev-ffvc1156-2-e
INFO: [Synth 8-6742] Reading net delay rules and data
---------------------------------------------------------------------------------
Finished Loading Part and Timing Information : Time (s): cpu = 00:00:11 ; elapsed = 00:00:26 . Memory (MB): peak = 2655.137 ; gain = 142.707 ; free physical = 335 ; free virtual = 22137
---------------------------------------------------------------------------------
---------------------------------------------------------------------------------
Start Applying 'set_property' XDC Constraints
---------------------------------------------------------------------------------
---------------------------------------------------------------------------------
Finished applying 'set_property' XDC Constraints : Time (s): cpu = 00:00:11 ; elapsed = 00:00:27 . Memory (MB): peak = 2655.137 ; gain = 142.707 ; free physical = 352 ; free virtual = 22140
---------------------------------------------------------------------------------
---------------------------------------------------------------------------------
Finished RTL Optimization Phase 2 : Time (s): cpu = 00:00:11 ; elapsed = 00:00:27 . Memory (MB): peak = 2655.137 ; gain = 142.707 ; free physical = 358 ; free virtual = 22129
---------------------------------------------------------------------------------

Report RTL Partitions: 
+-+--------------+------------+----------+
| |RTL Partition |Replication |Instances |
+-+--------------+------------+----------+
+-+--------------+------------+----------+
---------------------------------------------------------------------------------
Start RTL Component Statistics 
---------------------------------------------------------------------------------
Detailed RTL Component Info : 
+---Adders : 
	   2 Input     22 Bit       Adders := 2     
+---Registers : 
	               22 Bit    Registers := 1     
	               21 Bit    Registers := 2     
	                1 Bit    Registers := 2     
+---Multipliers : 
	                 9x32  Multipliers := 1     
+---Muxes : 
	   2 Input     22 Bit        Muxes := 1     
	   2 Input      1 Bit        Muxes := 1     
---------------------------------------------------------------------------------
Finished RTL Component Statistics 
---------------------------------------------------------------------------------
---------------------------------------------------------------------------------
Start RTL Hierarchical Component Statistics 
---------------------------------------------------------------------------------
Hierarchical RTL Component report 
Module pwm 
Detailed RTL Component Info : 
+---Adders : 
	   2 Input     22 Bit       Adders := 2     
+---Registers : 
	               22 Bit    Registers := 1     
	               21 Bit    Registers := 2     
	                1 Bit    Registers := 2     
+---Multipliers : 
	                 9x32  Multipliers := 1     
+---Muxes : 
	   2 Input     22 Bit        Muxes := 1     
	   2 Input      1 Bit        Muxes := 1     
---------------------------------------------------------------------------------
Finished RTL Hierarchical Component Statistics
---------------------------------------------------------------------------------
---------------------------------------------------------------------------------
Start Part Resource Summary
---------------------------------------------------------------------------------
Part Resources:
DSPs: 1728 (col length:144)
BRAMs: 624 (col length: RAMB18 144 RAMB36 72)
---------------------------------------------------------------------------------
Finished Part Resource Summary
---------------------------------------------------------------------------------
---------------------------------------------------------------------------------
Start Cross Boundary and Area Optimization
---------------------------------------------------------------------------------
Warning: Parallel synthesis criteria is not met 
INFO: [Synth 8-5845] Not enough pipeline registers after wide multiplier. Recommended levels of pipeline registers is 2 [/home/manvar00/Downloads/RELEASE DVD/vivado_designs/zcu104_src_power/project_2/project_2.srcs/sources_1/imports/Downloads/pwm.vhd:64]
WARNING: [Synth 8-6014] Unused sequential element inst/half_duty_new_reg was removed.  [/home/manvar00/Downloads/RELEASE DVD/vivado_designs/zcu104_src_power/project_2/project_2.srcs/sources_1/imports/Downloads/pwm.vhd:64]
DSP Report: Generating DSP inst/half_duty_new2, operation Mode is: (A:0x2faf08)*B.
DSP Report: operator inst/half_duty_new2 is absorbed into DSP inst/half_duty_new2.
DSP Report: operator inst/half_duty_new2 is absorbed into DSP inst/half_duty_new2.
INFO: [Synth 8-3886] merging instance 'inst/half_duty_new_reg[26]__0' (FDE) to 'inst/half_duty_new_reg[0]__0'
INFO: [Synth 8-3886] merging instance 'inst/half_duty_new_reg[27]' (FDE) to 'inst/half_duty_new_reg[1]__0'
INFO: [Synth 8-3886] merging instance 'inst/half_duty_new_reg[28]' (FDE) to 'inst/half_duty_new_reg[2]__0'
INFO: [Synth 8-3886] merging instance 'inst/half_duty_new_reg[29]' (FDE) to 'inst/half_duty_new_reg[3]__0'
INFO: [Synth 8-3332] Sequential element (inst/half_duty_new_reg[47]) is unused and will be removed from module Base_Zynq_MPSoC_pwm_0_1.
INFO: [Synth 8-3332] Sequential element (inst/half_duty_new_reg[46]) is unused and will be removed from module Base_Zynq_MPSoC_pwm_0_1.
INFO: [Synth 8-3332] Sequential element (inst/half_duty_new_reg[45]) is unused and will be removed from module Base_Zynq_MPSoC_pwm_0_1.
INFO: [Synth 8-3332] Sequential element (inst/half_duty_new_reg[44]) is unused and will be removed from module Base_Zynq_MPSoC_pwm_0_1.
INFO: [Synth 8-3332] Sequential element (inst/half_duty_new_reg[43]) is unused and will be removed from module Base_Zynq_MPSoC_pwm_0_1.
INFO: [Synth 8-3332] Sequential element (inst/half_duty_new_reg[42]) is unused and will be removed from module Base_Zynq_MPSoC_pwm_0_1.
INFO: [Synth 8-3332] Sequential element (inst/half_duty_new_reg[41]) is unused and will be removed from module Base_Zynq_MPSoC_pwm_0_1.
INFO: [Synth 8-3332] Sequential element (inst/half_duty_new_reg[40]) is unused and will be removed from module Base_Zynq_MPSoC_pwm_0_1.
INFO: [Synth 8-3332] Sequential element (inst/half_duty_new_reg[39]) is unused and will be removed from module Base_Zynq_MPSoC_pwm_0_1.
INFO: [Synth 8-3332] Sequential element (inst/half_duty_new_reg[38]) is unused and will be removed from module Base_Zynq_MPSoC_pwm_0_1.
INFO: [Synth 8-3332] Sequential element (inst/half_duty_new_reg[37]) is unused and will be removed from module Base_Zynq_MPSoC_pwm_0_1.
INFO: [Synth 8-3332] Sequential element (inst/half_duty_new_reg[36]) is unused and will be removed from module Base_Zynq_MPSoC_pwm_0_1.
INFO: [Synth 8-3332] Sequential element (inst/half_duty_new_reg[35]) is unused and will be removed from module Base_Zynq_MPSoC_pwm_0_1.
INFO: [Synth 8-3332] Sequential element (inst/half_duty_new_reg[34]) is unused and will be removed from module Base_Zynq_MPSoC_pwm_0_1.
INFO: [Synth 8-3332] Sequential element (inst/half_duty_new_reg[33]) is unused and will be removed from module Base_Zynq_MPSoC_pwm_0_1.
INFO: [Synth 8-3332] Sequential element (inst/half_duty_new_reg[32]) is unused and will be removed from module Base_Zynq_MPSoC_pwm_0_1.
INFO: [Synth 8-3332] Sequential element (inst/half_duty_new_reg[31]) is unused and will be removed from module Base_Zynq_MPSoC_pwm_0_1.
INFO: [Synth 8-3332] Sequential element (inst/half_duty_new_reg[30]) is unused and will be removed from module Base_Zynq_MPSoC_pwm_0_1.
INFO: [Synth 8-3332] Sequential element (inst/half_duty_new_reg[8]) is unused and will be removed from module Base_Zynq_MPSoC_pwm_0_1.
INFO: [Synth 8-3332] Sequential element (inst/half_duty_new_reg[7]) is unused and will be removed from module Base_Zynq_MPSoC_pwm_0_1.
INFO: [Synth 8-3332] Sequential element (inst/half_duty_new_reg[6]) is unused and will be removed from module Base_Zynq_MPSoC_pwm_0_1.
INFO: [Synth 8-3332] Sequential element (inst/half_duty_new_reg[5]) is unused and will be removed from module Base_Zynq_MPSoC_pwm_0_1.
INFO: [Synth 8-3332] Sequential element (inst/half_duty_new_reg[4]) is unused and will be removed from module Base_Zynq_MPSoC_pwm_0_1.
INFO: [Synth 8-3332] Sequential element (inst/half_duty_new_reg[3]) is unused and will be removed from module Base_Zynq_MPSoC_pwm_0_1.
INFO: [Synth 8-3332] Sequential element (inst/half_duty_new_reg[2]) is unused and will be removed from module Base_Zynq_MPSoC_pwm_0_1.
INFO: [Synth 8-3332] Sequential element (inst/half_duty_new_reg[1]) is unused and will be removed from module Base_Zynq_MPSoC_pwm_0_1.
INFO: [Synth 8-3332] Sequential element (inst/half_duty_new_reg[0]) is unused and will be removed from module Base_Zynq_MPSoC_pwm_0_1.
INFO: [Synth 8-3332] Sequential element (inst/half_duty_new_reg[47]__0) is unused and will be removed from module Base_Zynq_MPSoC_pwm_0_1.
INFO: [Synth 8-3332] Sequential element (inst/half_duty_new_reg[46]__0) is unused and will be removed from module Base_Zynq_MPSoC_pwm_0_1.
INFO: [Synth 8-3332] Sequential element (inst/half_duty_new_reg[45]__0) is unused and will be removed from module Base_Zynq_MPSoC_pwm_0_1.
INFO: [Synth 8-3332] Sequential element (inst/half_duty_new_reg[44]__0) is unused and will be removed from module Base_Zynq_MPSoC_pwm_0_1.
INFO: [Synth 8-3332] Sequential element (inst/half_duty_new_reg[43]__0) is unused and will be removed from module Base_Zynq_MPSoC_pwm_0_1.
INFO: [Synth 8-3332] Sequential element (inst/half_duty_new_reg[42]__0) is unused and will be removed from module Base_Zynq_MPSoC_pwm_0_1.
INFO: [Synth 8-3332] Sequential element (inst/half_duty_new_reg[41]__0) is unused and will be removed from module Base_Zynq_MPSoC_pwm_0_1.
INFO: [Synth 8-3332] Sequential element (inst/half_duty_new_reg[40]__0) is unused and will be removed from module Base_Zynq_MPSoC_pwm_0_1.
INFO: [Synth 8-3332] Sequential element (inst/half_duty_new_reg[39]__0) is unused and will be removed from module Base_Zynq_MPSoC_pwm_0_1.
INFO: [Synth 8-3332] Sequential element (inst/half_duty_new_reg[38]__0) is unused and will be removed from module Base_Zynq_MPSoC_pwm_0_1.
INFO: [Synth 8-3332] Sequential element (inst/half_duty_new_reg[37]__0) is unused and will be removed from module Base_Zynq_MPSoC_pwm_0_1.
INFO: [Synth 8-3332] Sequential element (inst/half_duty_new_reg[36]__0) is unused and will be removed from module Base_Zynq_MPSoC_pwm_0_1.
INFO: [Synth 8-3332] Sequential element (inst/half_duty_new_reg[35]__0) is unused and will be removed from module Base_Zynq_MPSoC_pwm_0_1.
INFO: [Synth 8-3332] Sequential element (inst/half_duty_new_reg[34]__0) is unused and will be removed from module Base_Zynq_MPSoC_pwm_0_1.
INFO: [Synth 8-3332] Sequential element (inst/half_duty_new_reg[33]__0) is unused and will be removed from module Base_Zynq_MPSoC_pwm_0_1.
INFO: [Synth 8-3332] Sequential element (inst/half_duty_new_reg[32]__0) is unused and will be removed from module Base_Zynq_MPSoC_pwm_0_1.
INFO: [Synth 8-3332] Sequential element (inst/half_duty_new_reg[31]__0) is unused and will be removed from module Base_Zynq_MPSoC_pwm_0_1.
INFO: [Synth 8-3332] Sequential element (inst/half_duty_new_reg[30]__0) is unused and will be removed from module Base_Zynq_MPSoC_pwm_0_1.
INFO: [Synth 8-3332] Sequential element (inst/half_duty_new_reg[29]__0) is unused and will be removed from module Base_Zynq_MPSoC_pwm_0_1.
INFO: [Synth 8-3332] Sequential element (inst/half_duty_new_reg[28]__0) is unused and will be removed from module Base_Zynq_MPSoC_pwm_0_1.
INFO: [Synth 8-3332] Sequential element (inst/half_duty_new_reg[27]__0) is unused and will be removed from module Base_Zynq_MPSoC_pwm_0_1.
INFO: [Synth 8-3332] Sequential element (inst/half_duty_new_reg[26]) is unused and will be removed from module Base_Zynq_MPSoC_pwm_0_1.
INFO: [Synth 8-3332] Sequential element (inst/half_duty_new_reg[25]__0) is unused and will be removed from module Base_Zynq_MPSoC_pwm_0_1.
INFO: [Synth 8-3332] Sequential element (inst/half_duty_new_reg[24]__0) is unused and will be removed from module Base_Zynq_MPSoC_pwm_0_1.
INFO: [Synth 8-3332] Sequential element (inst/half_duty_new_reg[23]__0) is unused and will be removed from module Base_Zynq_MPSoC_pwm_0_1.
INFO: [Synth 8-3332] Sequential element (inst/half_duty_new_reg[22]__0) is unused and will be removed from module Base_Zynq_MPSoC_pwm_0_1.
INFO: [Synth 8-3332] Sequential element (inst/half_duty_new_reg[21]__0) is unused and will be removed from module Base_Zynq_MPSoC_pwm_0_1.
INFO: [Synth 8-3332] Sequential element (inst/half_duty_new_reg[20]__0) is unused and will be removed from module Base_Zynq_MPSoC_pwm_0_1.
INFO: [Synth 8-3332] Sequential element (inst/half_duty_new_reg[19]__0) is unused and will be removed from module Base_Zynq_MPSoC_pwm_0_1.
INFO: [Synth 8-3332] Sequential element (inst/half_duty_new_reg[18]__0) is unused and will be removed from module Base_Zynq_MPSoC_pwm_0_1.
INFO: [Synth 8-3332] Sequential element (inst/half_duty_new_reg[17]__0) is unused and will be removed from module Base_Zynq_MPSoC_pwm_0_1.
INFO: [Synth 8-3332] Sequential element (inst/half_duty_new_reg[16]__0) is unused and will be removed from module Base_Zynq_MPSoC_pwm_0_1.
INFO: [Synth 8-3332] Sequential element (inst/half_duty_new_reg[15]__0) is unused and will be removed from module Base_Zynq_MPSoC_pwm_0_1.
INFO: [Synth 8-3332] Sequential element (inst/half_duty_new_reg[14]__0) is unused and will be removed from module Base_Zynq_MPSoC_pwm_0_1.
INFO: [Synth 8-3332] Sequential element (inst/half_duty_new_reg[13]__0) is unused and will be removed from module Base_Zynq_MPSoC_pwm_0_1.
INFO: [Synth 8-3332] Sequential element (inst/half_duty_new_reg[12]__0) is unused and will be removed from module Base_Zynq_MPSoC_pwm_0_1.
INFO: [Synth 8-3332] Sequential element (inst/half_duty_new_reg[11]__0) is unused and will be removed from module Base_Zynq_MPSoC_pwm_0_1.
INFO: [Synth 8-3332] Sequential element (inst/half_duty_new_reg[10]__0) is unused and will be removed from module Base_Zynq_MPSoC_pwm_0_1.
INFO: [Synth 8-3332] Sequential element (inst/half_duty_new_reg[9]__0) is unused and will be removed from module Base_Zynq_MPSoC_pwm_0_1.
INFO: [Synth 8-3332] Sequential element (inst/half_duty_new_reg[8]__0) is unused and will be removed from module Base_Zynq_MPSoC_pwm_0_1.
INFO: [Synth 8-3332] Sequential element (inst/half_duty_new_reg[7]__0) is unused and will be removed from module Base_Zynq_MPSoC_pwm_0_1.
INFO: [Synth 8-3332] Sequential element (inst/half_duty_new_reg[6]__0) is unused and will be removed from module Base_Zynq_MPSoC_pwm_0_1.
INFO: [Synth 8-3332] Sequential element (inst/half_duty_new_reg[5]__0) is unused and will be removed from module Base_Zynq_MPSoC_pwm_0_1.
INFO: [Synth 8-3332] Sequential element (inst/half_duty_new_reg[4]__0) is unused and will be removed from module Base_Zynq_MPSoC_pwm_0_1.
---------------------------------------------------------------------------------
Finished Cross Boundary and Area Optimization : Time (s): cpu = 00:00:12 ; elapsed = 00:00:28 . Memory (MB): peak = 2655.137 ; gain = 142.707 ; free physical = 350 ; free virtual = 22193
---------------------------------------------------------------------------------
---------------------------------------------------------------------------------
Start ROM, RAM, DSP and Shift Register Reporting
---------------------------------------------------------------------------------

DSP: Preliminary Mapping  Report (see note below)
+------------------------+----------------+--------+--------+--------+--------+--------+------+------+------+------+-------+------+------+
|Module Name             | DSP Mapping    | A Size | B Size | C Size | D Size | P Size | AREG | BREG | CREG | DREG | ADREG | MREG | PREG | 
+------------------------+----------------+--------+--------+--------+--------+--------+------+------+------+------+-------+------+------+
|Base_Zynq_MPSoC_pwm_0_1 | (A:0x2faf08)*B | 23     | 9      | -      | -      | 48     | 0    | 0    | -    | -    | -     | 0    | 0    | 
+------------------------+----------------+--------+--------+--------+--------+--------+------+------+------+------+-------+------+------+

Note: The table above is a preliminary report that shows the DSPs inferred at the current stage of the synthesis flow. Some DSP may be reimplemented as non DSP primitives later in the synthesis flow. Multiple instantiated DSPs are reported only once.
---------------------------------------------------------------------------------
Finished ROM, RAM, DSP and Shift Register Reporting
---------------------------------------------------------------------------------

Report RTL Partitions: 
+-+--------------+------------+----------+
| |RTL Partition |Replication |Instances |
+-+--------------+------------+----------+
+-+--------------+------------+----------+
---------------------------------------------------------------------------------
Start Applying XDC Timing Constraints
---------------------------------------------------------------------------------
---------------------------------------------------------------------------------
Finished Applying XDC Timing Constraints : Time (s): cpu = 00:00:34 ; elapsed = 00:02:19 . Memory (MB): peak = 3093.566 ; gain = 581.137 ; free physical = 368 ; free virtual = 18968
---------------------------------------------------------------------------------
---------------------------------------------------------------------------------
Start Timing Optimization
---------------------------------------------------------------------------------
---------------------------------------------------------------------------------
Finished Timing Optimization : Time (s): cpu = 00:00:34 ; elapsed = 00:02:19 . Memory (MB): peak = 3093.566 ; gain = 581.137 ; free physical = 360 ; free virtual = 18964
---------------------------------------------------------------------------------

Report RTL Partitions: 
+-+--------------+------------+----------+
| |RTL Partition |Replication |Instances |
+-+--------------+------------+----------+
+-+--------------+------------+----------+
---------------------------------------------------------------------------------
Start Technology Mapping
---------------------------------------------------------------------------------
---------------------------------------------------------------------------------
Finished Technology Mapping : Time (s): cpu = 00:00:34 ; elapsed = 00:02:19 . Memory (MB): peak = 3101.570 ; gain = 589.141 ; free physical = 335 ; free virtual = 18946
---------------------------------------------------------------------------------

Report RTL Partitions: 
+-+--------------+------------+----------+
| |RTL Partition |Replication |Instances |
+-+--------------+------------+----------+
+-+--------------+------------+----------+
---------------------------------------------------------------------------------
Start IO Insertion
---------------------------------------------------------------------------------
---------------------------------------------------------------------------------
Start Flattening Before IO Insertion
---------------------------------------------------------------------------------
---------------------------------------------------------------------------------
Finished Flattening Before IO Insertion
---------------------------------------------------------------------------------
---------------------------------------------------------------------------------
Start Final Netlist Cleanup
---------------------------------------------------------------------------------
---------------------------------------------------------------------------------
Finished Final Netlist Cleanup
---------------------------------------------------------------------------------
---------------------------------------------------------------------------------
Finished IO Insertion : Time (s): cpu = 00:00:35 ; elapsed = 00:02:21 . Memory (MB): peak = 3104.543 ; gain = 592.113 ; free physical = 352 ; free virtual = 18900
---------------------------------------------------------------------------------

Report Check Netlist: 
+------+------------------+-------+---------+-------+------------------+
|      |Item              |Errors |Warnings |Status |Description       |
+------+------------------+-------+---------+-------+------------------+
|1     |multi_driven_nets |      0|        0|Passed |Multi driven nets |
+------+------------------+-------+---------+-------+------------------+
---------------------------------------------------------------------------------
Start Renaming Generated Instances
---------------------------------------------------------------------------------
---------------------------------------------------------------------------------
Finished Renaming Generated Instances : Time (s): cpu = 00:00:35 ; elapsed = 00:02:21 . Memory (MB): peak = 3104.543 ; gain = 592.113 ; free physical = 362 ; free virtual = 18898
---------------------------------------------------------------------------------

Report RTL Partitions: 
+-+--------------+------------+----------+
| |RTL Partition |Replication |Instances |
+-+--------------+------------+----------+
+-+--------------+------------+----------+
---------------------------------------------------------------------------------
Start Rebuilding User Hierarchy
---------------------------------------------------------------------------------
---------------------------------------------------------------------------------
Finished Rebuilding User Hierarchy : Time (s): cpu = 00:00:35 ; elapsed = 00:02:22 . Memory (MB): peak = 3104.543 ; gain = 592.113 ; free physical = 353 ; free virtual = 18853
---------------------------------------------------------------------------------
---------------------------------------------------------------------------------
Start Renaming Generated Ports
---------------------------------------------------------------------------------
---------------------------------------------------------------------------------
Finished Renaming Generated Ports : Time (s): cpu = 00:00:35 ; elapsed = 00:02:22 . Memory (MB): peak = 3104.543 ; gain = 592.113 ; free physical = 353 ; free virtual = 18853
---------------------------------------------------------------------------------
---------------------------------------------------------------------------------
Start Handling Custom Attributes
---------------------------------------------------------------------------------
---------------------------------------------------------------------------------
Finished Handling Custom Attributes : Time (s): cpu = 00:00:35 ; elapsed = 00:02:25 . Memory (MB): peak = 3104.543 ; gain = 592.113 ; free physical = 339 ; free virtual = 18750
---------------------------------------------------------------------------------
---------------------------------------------------------------------------------
Start Renaming Generated Nets
---------------------------------------------------------------------------------
---------------------------------------------------------------------------------
Finished Renaming Generated Nets : Time (s): cpu = 00:00:35 ; elapsed = 00:02:25 . Memory (MB): peak = 3104.543 ; gain = 592.113 ; free physical = 339 ; free virtual = 18750
---------------------------------------------------------------------------------
---------------------------------------------------------------------------------
Start Writing Synthesis Report
---------------------------------------------------------------------------------

Report BlackBoxes: 
+-+--------------+----------+
| |BlackBox name |Instances |
+-+--------------+----------+
+-+--------------+----------+

Report Cell Usage: 
+------+----------------+------+
|      |Cell            |Count |
+------+----------------+------+
|1     |CARRY8          |     8|
|2     |DSP_ALU         |     1|
|3     |DSP_A_B_DATA    |     1|
|4     |DSP_C_DATA      |     1|
|5     |DSP_MULTIPLIER  |     1|
|6     |DSP_M_DATA      |     1|
|7     |DSP_OUTPUT      |     1|
|8     |DSP_PREADD      |     1|
|9     |DSP_PREADD_DATA |     1|
|10    |LUT1            |    24|
|11    |LUT2            |    26|
|12    |LUT3            |     4|
|13    |LUT4            |     1|
|14    |LUT6            |    16|
|15    |FDCE            |    24|
|16    |FDRE            |    21|
+------+----------------+------+

Report Instance Areas: 
+------+-------------------+-----------------------------+------+
|      |Instance           |Module                       |Cells |
+------+-------------------+-----------------------------+------+
|1     |top                |                             |   132|
|2     |  inst             |pwm                          |   132|
|3     |    half_duty_new2 |\inst/half_duty_new2_funnel  |     8|
+------+-------------------+-----------------------------+------+
---------------------------------------------------------------------------------
Finished Writing Synthesis Report : Time (s): cpu = 00:00:35 ; elapsed = 00:02:25 . Memory (MB): peak = 3104.543 ; gain = 592.113 ; free physical = 355 ; free virtual = 18753
---------------------------------------------------------------------------------
Synthesis finished with 0 errors, 0 critical warnings and 1 warnings.
Synthesis Optimization Runtime : Time (s): cpu = 00:00:32 ; elapsed = 00:02:16 . Memory (MB): peak = 3104.543 ; gain = 449.406 ; free physical = 367 ; free virtual = 18744
Synthesis Optimization Complete : Time (s): cpu = 00:00:35 ; elapsed = 00:02:27 . Memory (MB): peak = 3104.547 ; gain = 592.113 ; free physical = 374 ; free virtual = 18743
INFO: [Project 1-571] Translating synthesized netlist
INFO: [Netlist 29-17] Analyzing 9 Unisim elements for replacement
INFO: [Netlist 29-28] Unisim Transformation completed in 0 CPU seconds
INFO: [Project 1-570] Preparing netlist for logic optimization
INFO: [Opt 31-138] Pushed 0 inverter(s) to 0 load pin(s).
Netlist sorting complete. Time (s): cpu = 00:00:00 ; elapsed = 00:00:00 . Memory (MB): peak = 3168.340 ; gain = 0.000 ; free physical = 555 ; free virtual = 16533
INFO: [Project 1-111] Unisim Transformation Summary:
  A total of 1 instances were transformed.
  DSP48E2 => DSP48E2 (DSP_ALU, DSP_A_B_DATA, DSP_C_DATA, DSP_MULTIPLIER, DSP_M_DATA, DSP_OUTPUT, DSP_PREADD_DATA, DSP_PREADD): 1 instances

INFO: [Common 17-83] Releasing license: Synthesis
94 Infos, 6 Warnings, 0 Critical Warnings and 0 Errors encountered.
synth_design completed successfully
synth_design: Time (s): cpu = 00:00:47 ; elapsed = 00:05:00 . Memory (MB): peak = 3168.340 ; gain = 1655.531 ; free physical = 560 ; free virtual = 16593
Netlist sorting complete. Time (s): cpu = 00:00:00 ; elapsed = 00:00:00 . Memory (MB): peak = 3168.340 ; gain = 0.000 ; free physical = 554 ; free virtual = 16588
WARNING: [Constraints 18-5210] No constraints selected for write.
Resolution: This message can indicate that there are no constraints for the design, or it can indicate that the used_in flags are set such that the constraints are ignored. This later case is used when running synth_design to not write synthesis constraints to the resulting checkpoint. Instead, project constraints are read when the synthesized design is opened.
INFO: [Common 17-1381] The checkpoint '/home/manvar00/Downloads/RELEASE DVD/vivado_designs/zcu104_src_power/project_2/project_2.runs/Base_Zynq_MPSoC_pwm_0_1_synth_1/Base_Zynq_MPSoC_pwm_0_1.dcp' has been generated.
WARNING: [Common 17-576] 'use_project_ipc' is deprecated. This option is deprecated and no longer used.
Netlist sorting complete. Time (s): cpu = 00:00:00 ; elapsed = 00:00:00 . Memory (MB): peak = 3192.359 ; gain = 0.000 ; free physical = 368 ; free virtual = 16416
WARNING: [Constraints 18-5210] No constraints selected for write.
Resolution: This message can indicate that there are no constraints for the design, or it can indicate that the used_in flags are set such that the constraints are ignored. This later case is used when running synth_design to not write synthesis constraints to the resulting checkpoint. Instead, project constraints are read when the synthesized design is opened.
INFO: [Common 17-1381] The checkpoint '/home/manvar00/Downloads/RELEASE DVD/vivado_designs/zcu104_src_power/project_2/project_2.runs/Base_Zynq_MPSoC_pwm_0_1_synth_1/Base_Zynq_MPSoC_pwm_0_1.dcp' has been generated.
INFO: [runtcl-4] Executing : report_utilization -file Base_Zynq_MPSoC_pwm_0_1_utilization_synth.rpt -pb Base_Zynq_MPSoC_pwm_0_1_utilization_synth.pb
INFO: [Common 17-206] Exiting Vivado at Mon Jun  5 12:10:21 2023...
