Copyright 1986-2019 Xilinx, Inc. All Rights Reserved.
----------------------------------------------------------------------------------------------------------
| Tool Version      : Vivado v.2019.1 (lin64) Build 2552052 Fri May 24 14:47:09 MDT 2019
| Date              : Mon Jun  5 15:56:20 2023
| Host              : i80r7node2 running 64-bit CentOS Linux release 7.9.2009 (Core)
| Command           : report_clock_utilization -file Base_Zynq_MPSoC_wrapper_clock_utilization_routed.rpt
| Design            : Base_Zynq_MPSoC_wrapper
| Device            : xczu7ev-ffvc1156
| Speed File        : -2  PRODUCTION 1.25 05-09-2019
| Temperature Grade : E
| Design State      : Routed
----------------------------------------------------------------------------------------------------------

Clock Utilization Report

Table of Contents
-----------------
1. Clock Primitive Utilization
2. Global Clock Resources
3. Global Clock Source Details
4. Local Clock Details
5. Clock Regions : Clock Primitives
6. Clock Regions : Load Primitives
7. Clock Regions : Global Clock Summary
8. Clock Regions : Routing Resource Utilization
9. Device Cell Placement Summary for Global Clock g0
10. Device Cell Placement Summary for Global Clock g1
11. Clock Region Cell Placement per Global Clock: Region X1Y0
12. Clock Region Cell Placement per Global Clock: Region X2Y0
13. Clock Region Cell Placement per Global Clock: Region X3Y0
14. Clock Region Cell Placement per Global Clock: Region X1Y1
15. Clock Region Cell Placement per Global Clock: Region X2Y1
16. Clock Region Cell Placement per Global Clock: Region X3Y1
17. Clock Region Cell Placement per Global Clock: Region X1Y2
18. Clock Region Cell Placement per Global Clock: Region X2Y2
19. Clock Region Cell Placement per Global Clock: Region X3Y2
20. Clock Region Cell Placement per Global Clock: Region X1Y3
21. Clock Region Cell Placement per Global Clock: Region X2Y3
22. Clock Region Cell Placement per Global Clock: Region X3Y3
23. Clock Region Cell Placement per Global Clock: Region X0Y4
24. Clock Region Cell Placement per Global Clock: Region X1Y4
25. Clock Region Cell Placement per Global Clock: Region X2Y4
26. Clock Region Cell Placement per Global Clock: Region X3Y4
27. Clock Region Cell Placement per Global Clock: Region X0Y5
28. Clock Region Cell Placement per Global Clock: Region X1Y5
29. Clock Region Cell Placement per Global Clock: Region X2Y5
30. Clock Region Cell Placement per Global Clock: Region X3Y5

1. Clock Primitive Utilization
------------------------------

+------------+------+-----------+-----+--------------+--------+
| Type       | Used | Available | LOC | Clock Region | Pblock |
+------------+------+-----------+-----+--------------+--------+
| BUFGCE     |    1 |       208 |   0 |            0 |      0 |
| BUFGCE_DIV |    0 |        32 |   0 |            0 |      0 |
| BUFGCTRL   |    0 |        64 |   0 |            0 |      0 |
| BUFG_GT    |    0 |       144 |   0 |            0 |      0 |
| MMCM       |    0 |         8 |   0 |            0 |      0 |
| PLL        |    0 |        16 |   0 |            0 |      0 |
+------------+------+-----------+-----+--------------+--------+


2. Global Clock Resources
-------------------------

+-----------+-----------+-----------------+------------+---------------+--------------+------+-------------------+-------------------+-------------+-----------------+--------------+----------+------------------------------------------------------------------------------------------------+-------------------------------------------------------------------------------+
| Global Id | Source Id | Driver Type/Pin | Constraint | Site          | Clock Region | Root | Clock Delay Group | Load Clock Region | Clock Loads | Non-Clock Loads | Clock Period | Clock    | Driver Pin                                                                                     | Net                                                                           |
+-----------+-----------+-----------------+------------+---------------+--------------+------+-------------------+-------------------+-------------+-----------------+--------------+----------+------------------------------------------------------------------------------------------------+-------------------------------------------------------------------------------+
| g0        | src0      | BUFG_PS/O       | None       | BUFG_PS_X0Y95 | X1Y3         | X1Y2 |                   |                21 |       81652 |               0 |       10.000 | clk_pl_0 | Base_Zynq_MPSoC_i/zynq_ultra_ps_e_0/inst/buffer_pl_clk_0.PL_CLK_0_BUFG/O                       | Base_Zynq_MPSoC_i/zynq_ultra_ps_e_0/inst/pl_clk0                              |
| g1        | src1      | BUFGCE/O        | None       | BUFGCE_X1Y92  | X2Y3         | X2Y3 | n/a               |                 4 |           0 |            1016 |          n/a | n/a      | Base_Zynq_MPSoC_i/ps8_0_axi_periph/xbar/inst/gen_samd.crossbar_samd/aresetn_d_reg_bufg_place/O | Base_Zynq_MPSoC_i/ps8_0_axi_periph/xbar/inst/gen_samd.crossbar_samd/aresetn_d |
+-----------+-----------+-----------------+------------+---------------+--------------+------+-------------------+-------------------+-------------+-----------------+--------------+----------+------------------------------------------------------------------------------------------------+-------------------------------------------------------------------------------+
* Clock Loads column represents the clock pin loads (pin count)
** Non-Clock Loads column represents the non-clock pin loads (pin count)


3. Global Clock Source Details
------------------------------

+-----------+-----------+-----------------+------------+---------------+--------------+-------------+-----------------+---------------------+--------------+----------------------------------------------------------------------------------------------+---------------------------------------------------------------------------------------------------+
| Source Id | Global Id | Driver Type/Pin | Constraint | Site          | Clock Region | Clock Loads | Non-Clock Loads | Source Clock Period | Source Clock | Driver Pin                                                                                   | Net                                                                                               |
+-----------+-----------+-----------------+------------+---------------+--------------+-------------+-----------------+---------------------+--------------+----------------------------------------------------------------------------------------------+---------------------------------------------------------------------------------------------------+
| src0      | g0        | PS8/PLCLK[0]    | None       | PS8_X0Y0      | X0Y1         |           1 |               0 |              10.000 | clk_pl_0     | Base_Zynq_MPSoC_i/zynq_ultra_ps_e_0/inst/PS8_i/PLCLK[0]                                      | Base_Zynq_MPSoC_i/zynq_ultra_ps_e_0/inst/pl_clk_unbuffered[0]                                     |
| src1      | g1        | FDRE/Q          | None       | SLICE_X57Y187 | X1Y3         |           1 |               0 |                     |              | Base_Zynq_MPSoC_i/ps8_0_axi_periph/xbar/inst/gen_samd.crossbar_samd/aresetn_d_reg_bufg_rep/Q | Base_Zynq_MPSoC_i/ps8_0_axi_periph/xbar/inst/gen_samd.crossbar_samd/aresetn_d_bufg_place_bufg_rep |
+-----------+-----------+-----------------+------------+---------------+--------------+-------------+-----------------+---------------------+--------------+----------------------------------------------------------------------------------------------+---------------------------------------------------------------------------------------------------+
* Clock Loads column represents the clock pin loads (pin count)
** Non-Clock Loads column represents the non-clock pin loads (pin count)


4. Local Clock Details
----------------------

+----------+-----------------+------------+--------------------+--------------+-------------+-----------------+--------------+-------+----------------------------------------------------------------------------------------------+-------------------------------------------------------------------------------------------------+
| Local Id | Driver Type/Pin | Constraint | Site/BEL           | Clock Region | Clock Loads | Non-Clock Loads | Clock Period | Clock | Driver Pin                                                                                   | Net                                                                                             |
+----------+-----------------+------------+--------------------+--------------+-------------+-----------------+--------------+-------+----------------------------------------------------------------------------------------------+-------------------------------------------------------------------------------------------------||
| 0        | FDRE/Q          | None       | SLICE_X87Y275/EFF  | X2Y4         |          36 |               6 |              |       | Base_Zynq_MPSoC_i/Simulated_Load_IP_Co_0/inst/u0/activity_blocks[0].switch/enable_s_reg[1]/Q | Base_Zynq_MPSoC_i/Simulated_Load_IP_Co_0/inst/u0/activity_blocks[0].switch/iClkSlow             - Static -
| 1        | FDRE/Q          | None       | SLICE_X86Y86/AFF2  | X2Y1         |          36 |               6 |              |       | Base_Zynq_MPSoC_i/Simulated_Load_IP_Co_0/inst/u0/activity_blocks[1].switch/enable_s_reg[1]/Q | Base_Zynq_MPSoC_i/Simulated_Load_IP_Co_0/inst/u0/activity_blocks[1].switch/iClkSlow             - Static -
| 2        | FDRE/Q          | None       | SLICE_X79Y279/GFF2 | X2Y4         |          36 |               6 |              |       | Base_Zynq_MPSoC_i/Simulated_Load_IP_Co_0/inst/u0/activity_blocks[2].switch/enable_s_reg[1]/Q | Base_Zynq_MPSoC_i/Simulated_Load_IP_Co_0/inst/u0/activity_blocks[2].switch/iClkSlow             - Static -
| 3        | FDRE/Q          | None       | SLICE_X76Y123/EFF  | X2Y2         |          36 |               6 |              |       | Base_Zynq_MPSoC_i/Simulated_Load_IP_Co_0/inst/u0/activity_blocks[3].switch/enable_s_reg[1]/Q | Base_Zynq_MPSoC_i/Simulated_Load_IP_Co_0/inst/u0/activity_blocks[3].switch/iClkSlow             - Static -
| 4        | FDRE/Q          | None       | SLICE_X92Y275/EFF  | X3Y4         |          24 |               6 |              |       | Base_Zynq_MPSoC_i/Simulated_Load_IP_Co_0/inst/u0/activity_blocks[0].switch/enable_s_reg[0]/Q | Base_Zynq_MPSoC_i/Simulated_Load_IP_Co_0/inst/u0/activity_blocks[0].switch/enable_s_reg_n_0_[0] - Static -
| 5        | FDRE/Q          | None       | SLICE_X88Y79/EFF   | X2Y1         |          24 |               6 |              |       | Base_Zynq_MPSoC_i/Simulated_Load_IP_Co_0/inst/u0/activity_blocks[1].switch/enable_s_reg[0]/Q | Base_Zynq_MPSoC_i/Simulated_Load_IP_Co_0/inst/u0/activity_blocks[1].switch/enable_s_reg_n_0_[0] - Static -
| 6        | FDRE/Q          | None       | SLICE_X80Y274/EFF  | X2Y4         |          24 |               6 |              |       | Base_Zynq_MPSoC_i/Simulated_Load_IP_Co_0/inst/u0/activity_blocks[2].switch/enable_s_reg[0]/Q | Base_Zynq_MPSoC_i/Simulated_Load_IP_Co_0/inst/u0/activity_blocks[2].switch/enable_s_reg_n_0_[0] - Static -
| 7        | FDRE/Q          | None       | SLICE_X73Y114/FFF2 | X2Y1         |          24 |               6 |              |       | Base_Zynq_MPSoC_i/Simulated_Load_IP_Co_0/inst/u0/activity_blocks[3].switch/enable_s_reg[0]/Q | Base_Zynq_MPSoC_i/Simulated_Load_IP_Co_0/inst/u0/activity_blocks[3].switch/enable_s_reg_n_0_[0] - Static -
+----------+-----------------+------------+--------------------+--------------+-------------+-----------------+--------------+-------+----------------------------------------------------------------------------------------------+-------------------------------------------------------------------------------------------------||
* Local Clocks in this context represents only clocks driven by non-global buffers
** Clock Loads column represents the clock pin loads (pin count)
*** Non-Clock Loads column represents the non-clock pin loads (pin count)


5. Clock Regions : Clock Primitives
-----------------------------------

+-------------------+--------------+--------------+--------------+--------------+--------------+--------------+--------------+
|                   | Global Clock |    BUFGCE    |  BUFGCE_DIV  |   BUFGCTRL   |    BUFG_GT   |     MMCM     |      PLL     |
+-------------------+------+-------+------+-------+------+-------+------+-------+------+-------+------+-------+------+-------+
| Clock Region Name | Used | Avail | Used | Avail | Used | Avail | Used | Avail | Used | Avail | Used | Avail | Used | Avail |
+-------------------+------+-------+------+-------+------+-------+------+-------+------+-------+------+-------+------+-------+
| X0Y0              |    0 |     0 |    0 |     0 |    0 |     0 |    0 |     0 |    0 |     0 |    0 |     0 |    0 |     0 |
| X1Y0              |    1 |    24 |    0 |     0 |    0 |     0 |    0 |     0 |    0 |     0 |    0 |     0 |    0 |     0 |
| X2Y0              |    1 |    24 |    0 |    24 |    0 |     4 |    0 |     8 |    0 |     0 |    0 |     1 |    0 |     2 |
| X3Y0              |    1 |    24 |    0 |     0 |    0 |     0 |    0 |     0 |    0 |    24 |    0 |     0 |    0 |     0 |
| X0Y1              |   1* |     0 |    0 |     0 |    0 |     0 |    0 |     0 |    0 |     0 |    0 |     0 |    0 |     0 |
| X1Y1              |    2 |    24 |    0 |     0 |    0 |     0 |    0 |     0 |    0 |     0 |    0 |     0 |    0 |     0 |
| X2Y1              |    2 |    24 |    0 |    24 |    0 |     4 |    0 |     8 |    0 |     0 |    0 |     1 |    0 |     2 |
| X3Y1              |    1 |    24 |    0 |     0 |    0 |     0 |    0 |     0 |    0 |    24 |    0 |     0 |    0 |     0 |
| X0Y2              |    0 |     0 |    0 |     0 |    0 |     0 |    0 |     0 |    0 |     0 |    0 |     0 |    0 |     0 |
| X1Y2              |    2 |    24 |    0 |     0 |    0 |     0 |    0 |     0 |    0 |     0 |    0 |     0 |    0 |     0 |
| X2Y2              |    2 |    24 |    0 |    24 |    0 |     4 |    0 |     8 |    0 |     0 |    0 |     1 |    0 |     2 |
| X3Y2              |    1 |    24 |    0 |     0 |    0 |     0 |    0 |     0 |    0 |    24 |    0 |     0 |    0 |     0 |
| X0Y3              |    0 |     0 |    0 |     0 |    0 |     0 |    0 |     0 |    0 |     0 |    0 |     0 |    0 |     0 |
| X1Y3              |    2 |    24 |    0 |     0 |    0 |     0 |    0 |     0 |    0 |     0 |    0 |     0 |    0 |     0 |
| X2Y3              |    2 |    24 |    1 |    24 |    0 |     4 |    0 |     8 |    0 |     0 |    0 |     1 |    0 |     2 |
| X3Y3              |    1 |    24 |    0 |     0 |    0 |     0 |    0 |     0 |    0 |    24 |    0 |     0 |    0 |     0 |
| X0Y4              |    2 |    24 |    0 |    28 |    0 |     4 |    0 |     8 |    0 |     0 |    0 |     1 |    0 |     2 |
| X1Y4              |    2 |    24 |    0 |     0 |    0 |     0 |    0 |     0 |    0 |     0 |    0 |     0 |    0 |     0 |
| X2Y4              |    2 |    24 |    0 |    24 |    0 |     4 |    0 |     8 |    0 |     0 |    0 |     1 |    0 |     2 |
| X3Y4              |    1 |    24 |    0 |     4 |    0 |     0 |    0 |     0 |    0 |    24 |    0 |     0 |    0 |     0 |
| X0Y5              |    1 |    24 |    0 |    28 |    0 |     4 |    0 |     8 |    0 |     0 |    0 |     1 |    0 |     2 |
| X1Y5              |    1 |    24 |    0 |     0 |    0 |     0 |    0 |     0 |    0 |     0 |    0 |     0 |    0 |     0 |
| X2Y5              |    1 |    24 |    0 |    24 |    0 |     4 |    0 |     8 |    0 |     0 |    0 |     1 |    0 |     2 |
| X3Y5              |    1 |    24 |    0 |     4 |    0 |     0 |    0 |     0 |    0 |    24 |    0 |     0 |    0 |     0 |
+-------------------+------+-------+------+-------+------+-------+------+-------+------+-------+------+-------+------+-------+
* Global Clock column represents track count; while other columns represents cell counts


6. Clock Regions : Load Primitives
----------------------------------

+-------------------+------------------+------------------+------------------+------------------+------------------+------------------+------------------+------------------+
|                   |   Global Clock   |        FF        |      LUTRAM      |  Block RAM (18K) |       URAM       |        DSP       |        GT        |      HARD IP     |
+-------------------+--------+---------+--------+---------+--------+---------+--------+---------+--------+---------+--------+---------+--------+---------+--------+---------+
| Clock Region Name | Used   | Avail   | Used   | Avail   | Used   | Avail   | Used   | Avail   | Used   | Avail   | Used   | Avail   | Used   | Avail   | Used   | Avail   |
+-------------------+--------+---------+--------+---------+--------+---------+--------+---------+--------+---------+--------+---------+--------+---------+--------+---------+
| X0Y0              |      0 |       0 |      0 |       0 |      0 |       0 |      0 |       0 |      0 |       0 |      0 |       0 |      0 |       0 |      0 |       0 |
| X1Y0              |      1 |      24 |   1129 |   17280 |      0 |    4320 |     16 |      24 |      0 |      16 |     32 |      96 |      0 |       0 |      0 |       0 |
| X2Y0              |      1 |      24 |   5188 |   22080 |    103 |    5760 |     24 |      24 |      0 |       0 |     46 |     120 |      0 |       0 |      0 |       0 |
| X3Y0              |      1 |      24 |   4837 |   22080 |     32 |    3360 |     34 |      48 |      0 |       0 |     19 |      48 |      0 |       4 |      0 |       1 |
| X0Y1              |     1* |       0 |      0 |       0 |      0 |       0 |      0 |       0 |      0 |       0 |      0 |       0 |      0 |       0 |      0 |       0 |
| X1Y1              |      2 |      24 |   4420 |   17280 |     64 |    4320 |     20 |      24 |      0 |      16 |     27 |      96 |      0 |       0 |      0 |       0 |
| X2Y1              |      2 |      24 |   6935 |   22080 |    127 |    5760 |     24 |      24 |      0 |       0 |     51 |     120 |      0 |       0 |      0 |       0 |
| X3Y1              |      1 |      24 |   2671 |   22080 |     56 |    3360 |     28 |      48 |      0 |       0 |     15 |      48 |      0 |       4 |      0 |       1 |
| X0Y2              |      0 |       0 |      0 |       0 |      0 |       0 |      0 |       0 |      0 |       0 |      0 |       0 |      0 |       0 |      0 |       0 |
| X1Y2              |      2 |      24 |   3403 |   17280 |     31 |    4320 |     12 |      24 |      0 |      16 |     30 |      96 |      0 |       0 |      0 |       0 |
| X2Y2              |      2 |      24 |   5062 |   22080 |      0 |    5760 |     24 |      24 |      0 |       0 |     23 |     120 |      0 |       0 |      0 |       0 |
| X3Y2              |      1 |      24 |   2732 |   22080 |      0 |    3360 |     22 |      48 |      0 |       0 |     18 |      48 |      0 |       4 |      0 |       0 |
| X0Y3              |      0 |       0 |      0 |       0 |      0 |       0 |      0 |       0 |      0 |       0 |      0 |       0 |      0 |       0 |      0 |       0 |
| X1Y3              |      2 |      24 |   2494 |   17280 |     33 |    4320 |     19 |      24 |      0 |      16 |     26 |      96 |      0 |       0 |      0 |       0 |
| X2Y3              |      2 |      24 |   5648 |   22080 |     64 |    5760 |     18 |      24 |      0 |       0 |     32 |     120 |      0 |       0 |      0 |       0 |
| X3Y3              |      1 |      24 |   3688 |   22080 |      1 |    3360 |     25 |      48 |      0 |       0 |     21 |      48 |      0 |       4 |      0 |       0 |
| X0Y4              |      2 |      24 |   3069 |   40320 |     84 |    9120 |     16 |      24 |      0 |       0 |     30 |      48 |      0 |       0 |      0 |       0 |
| X1Y4              |      2 |      24 |   4342 |   23040 |     49 |    5760 |     21 |      24 |      0 |      16 |     34 |     120 |      0 |       0 |      0 |       0 |
| X2Y4              |      2 |      24 |   5649 |   22080 |     95 |    5760 |     17 |      24 |      0 |       0 |     34 |     120 |      0 |       0 |      0 |       0 |
| X3Y4              |      1 |      24 |   4355 |   22080 |     64 |    3360 |     20 |      48 |      0 |       0 |     15 |      48 |      0 |       4 |      0 |       0 |
| X0Y5              |      1 |      24 |    577 |   40320 |      0 |    9120 |     11 |      24 |      0 |       0 |     17 |      48 |      0 |       0 |      0 |       0 |
| X1Y5              |      1 |      24 |   1599 |   23040 |      0 |    5760 |     11 |      24 |      0 |      16 |     20 |     120 |      0 |       0 |      0 |       0 |
| X2Y5              |      1 |      24 |   5442 |   22080 |      0 |    5760 |      8 |      24 |      0 |       0 |      9 |     120 |      0 |       0 |      0 |       0 |
| X3Y5              |      1 |      24 |   6411 |   22080 |    126 |    3360 |     14 |      48 |      0 |       0 |     14 |      48 |      0 |       4 |      0 |       0 |
+-------------------+--------+---------+--------+---------+--------+---------+--------+---------+--------+---------+--------+---------+--------+---------+--------+---------+
* Global Clock column represents track count; while other columns represents cell counts


7. Clock Regions : Global Clock Summary
---------------------------------------

All Modules
+----+----+----+----+----+
|    | X0 | X1 | X2 | X3 |
+----+----+----+----+----+
| Y5 |  1 |  1 |  1 |  1 |
| Y4 |  2 |  2 |  2 |  1 |
| Y3 |  0 |  2 |  2 |  1 |
| Y2 |  0 |  2 |  2 |  1 |
| Y1 |  0 |  2 |  2 |  1 |
| Y0 |  0 |  1 |  1 |  1 |
+----+----+----+----+----+


8. Clock Regions : Routing Resource Utilization
-----------------------------------------------

All Modules
+-------------------+----------------------+----------------------+----------------------+----------------------+
|                   |        HROUTES       |        HDISTRS       |        VROUTES       |        VDISTRS       |
+-------------------+------+-------+-------+------+-------+-------+------+-------+-------+------+-------+-------+
| Clock Region Name | Used | Avail | Util% | Used | Avail | Util% | Used | Avail | Util% | Used | Avail | Util% |
+-------------------+------+-------+-------+------+-------+-------+------+-------+-------+------+-------+-------+
| X0Y0              |    0 |     0 |  0.00 |    0 |     0 |  0.00 |    0 |     0 |  0.00 |    0 |     0 |  0.00 |
| X1Y0              |    0 |    24 |  0.00 |    1 |    24 |  4.17 |    0 |    24 |  0.00 |    1 |    24 |  4.17 |
| X2Y0              |    0 |    24 |  0.00 |    1 |    24 |  4.17 |    0 |    24 |  0.00 |    0 |    24 |  0.00 |
| X3Y0              |    0 |    24 |  0.00 |    1 |    24 |  4.17 |    0 |    24 |  0.00 |    0 |    24 |  0.00 |
| X0Y1              |    0 |     0 |  0.00 |    0 |     0 |  0.00 |    0 |     0 |  0.00 |    0 |     0 |  0.00 |
| X1Y1              |    0 |    24 |  0.00 |    2 |    24 |  8.33 |    0 |    24 |  0.00 |    1 |    24 |  4.17 |
| X2Y1              |    0 |    24 |  0.00 |    2 |    24 |  8.33 |    0 |    24 |  0.00 |    1 |    24 |  4.17 |
| X3Y1              |    0 |    24 |  0.00 |    1 |    24 |  4.17 |    0 |    24 |  0.00 |    0 |    24 |  0.00 |
| X0Y2              |    0 |     0 |  0.00 |    0 |     0 |  0.00 |    0 |     0 |  0.00 |    0 |     0 |  0.00 |
| X1Y2              |    0 |    24 |  0.00 |    2 |    24 |  8.33 |    1 |    24 |  4.17 |    1 |    24 |  4.17 |
| X2Y2              |    0 |    24 |  0.00 |    2 |    24 |  8.33 |    0 |    24 |  0.00 |    1 |    24 |  4.17 |
| X3Y2              |    0 |    24 |  0.00 |    1 |    24 |  4.17 |    0 |    24 |  0.00 |    0 |    24 |  0.00 |
| X0Y3              |    0 |     0 |  0.00 |    0 |     0 |  0.00 |    0 |     0 |  0.00 |    0 |     0 |  0.00 |
| X1Y3              |    1 |    24 |  4.17 |    2 |    24 |  8.33 |    1 |    24 |  4.17 |    1 |    24 |  4.17 |
| X2Y3              |    0 |    24 |  0.00 |    2 |    24 |  8.33 |    0 |    24 |  0.00 |    1 |    24 |  4.17 |
| X3Y3              |    0 |    24 |  0.00 |    1 |    24 |  4.17 |    0 |    24 |  0.00 |    0 |    24 |  0.00 |
| X0Y4              |    0 |    24 |  0.00 |    2 |    24 |  8.33 |    0 |    24 |  0.00 |    0 |    24 |  0.00 |
| X1Y4              |    0 |    24 |  0.00 |    2 |    24 |  8.33 |    0 |    24 |  0.00 |    1 |    24 |  4.17 |
| X2Y4              |    0 |    24 |  0.00 |    2 |    24 |  8.33 |    0 |    24 |  0.00 |    0 |    24 |  0.00 |
| X3Y4              |    0 |    24 |  0.00 |    1 |    24 |  4.17 |    0 |    24 |  0.00 |    0 |    24 |  0.00 |
| X0Y5              |    0 |    24 |  0.00 |    1 |    24 |  4.17 |    0 |    24 |  0.00 |    0 |    24 |  0.00 |
| X1Y5              |    0 |    24 |  0.00 |    1 |    24 |  4.17 |    0 |    24 |  0.00 |    0 |    24 |  0.00 |
| X2Y5              |    0 |    24 |  0.00 |    1 |    24 |  4.17 |    0 |    24 |  0.00 |    0 |    24 |  0.00 |
| X3Y5              |    0 |    24 |  0.00 |    1 |    24 |  4.17 |    0 |    24 |  0.00 |    0 |    24 |  0.00 |
+-------------------+------+-------+-------+------+-------+-------+------+-------+-------+------+-------+-------+


9. Device Cell Placement Summary for Global Clock g0
----------------------------------------------------

+-----------+-----------------+-------------------+----------+-------------+---------------+----------+-------------+----------+----------------+----------+--------------------------------------------------+
| Global Id | Driver Type/Pin | Driver Region (D) | Clock    | Period (ns) | Waveform (ns) | Root (R) | Slice Loads | IO Loads | Clocking Loads | GT Loads | Net                                              |
+-----------+-----------------+-------------------+----------+-------------+---------------+----------+-------------+----------+----------------+----------+--------------------------------------------------+
| g0        | BUFG_PS/O       | X1Y3              | clk_pl_0 |      10.000 | {0.000 5.000} | X1Y2     |       81239 |        0 |              0 |        0 | Base_Zynq_MPSoC_i/zynq_ultra_ps_e_0/inst/pl_clk0 |
+-----------+-----------------+-------------------+----------+-------------+---------------+----------+-------------+----------+----------------+----------+--------------------------------------------------+
* Slice Loads column represents load cell count of all cell types other than IO, GT and clock resources
** IO Loads column represents load cell count of IO types
*** Clocking Loads column represents load cell count that are clock resources (global clock buffer, MMCM, PLL, etc)
**** GT Loads column represents load cell count of GT types


+----+-------+-----------+-------+-------+
|    | X0    | X1        | X2    | X3    |
+----+-------+-----------+-------+-------+
| Y5 |   605 |      1630 |  5459 |  6505 |
| Y4 |  3199 |      4386 |  5795 |  4454 |
| Y3 |     0 |  (D) 2572 |  5762 |  3736 |
| Y2 |     0 |  (R) 3476 |  5109 |  2772 |
| Y1 |     1 |      4531 |  7077 |  2770 |
| Y0 |     0 |      1177 |  5301 |  4922 |
+----+-------+-----------+-------+-------+


10. Device Cell Placement Summary for Global Clock g1
-----------------------------------------------------

+-----------+-----------------+-------------------+-------+-------------+---------------+----------+-------------+----------+----------------+----------+-------------------------------------------------------------------------------+
| Global Id | Driver Type/Pin | Driver Region (D) | Clock | Period (ns) | Waveform (ns) | Root (R) | Slice Loads | IO Loads | Clocking Loads | GT Loads | Net                                                                           |
+-----------+-----------------+-------------------+-------+-------------+---------------+----------+-------------+----------+----------------+----------+-------------------------------------------------------------------------------+
| g1        | BUFGCE/O        | X2Y3              |       |             |               | X2Y3     |        1016 |        0 |              0 |        0 | Base_Zynq_MPSoC_i/ps8_0_axi_periph/xbar/inst/gen_samd.crossbar_samd/aresetn_d |
+-----------+-----------------+-------------------+-------+-------------+---------------+----------+-------------+----------+----------------+----------+-------------------------------------------------------------------------------+
* Slice Loads column represents load cell count of all cell types other than IO, GT and clock resources
** IO Loads column represents load cell count of IO types
*** Clocking Loads column represents load cell count that are clock resources (global clock buffer, MMCM, PLL, etc)
**** GT Loads column represents load cell count of GT types


+----+------+------+-----------+----+
|    | X0   | X1   | X2        | X3 |
+----+------+------+-----------+----+
| Y5 |    0 |    0 |         0 |  0 |
| Y4 |  498 |    0 |         0 |  0 |
| Y3 |    0 |  466 | (R) (D) 0 |  0 |
| Y2 |    0 |   34 |         0 |  0 |
| Y1 |    0 |   18 |         0 |  0 |
| Y0 |    0 |    0 |         0 |  0 |
+----+------+------+-----------+----+


11. Clock Region Cell Placement per Global Clock: Region X1Y0
-------------------------------------------------------------

+-----------+-------+-----------------+------------+-------------+-----------------+------+--------+------+------+-----+----+------+-----+---------+--------------------------------------------------+
| Global Id | Track | Driver Type/Pin | Constraint | Clock Loads | Non-Clock Loads | FF   | LUTRAM | RAMB | URAM | DSP | GT | MMCM | PLL | Hard IP | Net                                              |
+-----------+-------+-----------------+------------+-------------+-----------------+------+--------+------+------+-----+----+------+-----+---------+--------------------------------------------------+
| g0        | 23    | BUFG_PS/O       | None       |        1177 |               0 | 1129 |      0 |   16 |    0 |  32 |  0 |    0 |   0 |       0 | Base_Zynq_MPSoC_i/zynq_ultra_ps_e_0/inst/pl_clk0 |
+-----------+-------+-----------------+------------+-------------+-----------------+------+--------+------+------+-----+----+------+-----+---------+--------------------------------------------------+
* Clock Loads column represents the clock pin loads (pin count)
** Non-Clock Loads column represents the non-clock pin loads (pin count)
*** Columns FF, LUTRAM, RAMB through 'Hard IP' represents load cell counts


12. Clock Region Cell Placement per Global Clock: Region X2Y0
-------------------------------------------------------------

+-----------+-------+-----------------+------------+-------------+-----------------+------+--------+------+------+-----+----+------+-----+---------+--------------------------------------------------+
| Global Id | Track | Driver Type/Pin | Constraint | Clock Loads | Non-Clock Loads | FF   | LUTRAM | RAMB | URAM | DSP | GT | MMCM | PLL | Hard IP | Net                                              |
+-----------+-------+-----------------+------------+-------------+-----------------+------+--------+------+------+-----+----+------+-----+---------+--------------------------------------------------+
| g0        | 23    | BUFG_PS/O       | None       |        5301 |               0 | 5128 |    103 |   24 |    0 |  46 |  0 |    0 |   0 |       0 | Base_Zynq_MPSoC_i/zynq_ultra_ps_e_0/inst/pl_clk0 |
+-----------+-------+-----------------+------------+-------------+-----------------+------+--------+------+------+-----+----+------+-----+---------+--------------------------------------------------+
* Clock Loads column represents the clock pin loads (pin count)
** Non-Clock Loads column represents the non-clock pin loads (pin count)
*** Columns FF, LUTRAM, RAMB through 'Hard IP' represents load cell counts


13. Clock Region Cell Placement per Global Clock: Region X3Y0
-------------------------------------------------------------

+-----------+-------+-----------------+------------+-------------+-----------------+------+--------+------+------+-----+----+------+-----+---------+--------------------------------------------------+
| Global Id | Track | Driver Type/Pin | Constraint | Clock Loads | Non-Clock Loads | FF   | LUTRAM | RAMB | URAM | DSP | GT | MMCM | PLL | Hard IP | Net                                              |
+-----------+-------+-----------------+------------+-------------+-----------------+------+--------+------+------+-----+----+------+-----+---------+--------------------------------------------------+
| g0        | 23    | BUFG_PS/O       | None       |        4922 |               0 | 4837 |     32 |   34 |    0 |  19 |  0 |    0 |   0 |       0 | Base_Zynq_MPSoC_i/zynq_ultra_ps_e_0/inst/pl_clk0 |
+-----------+-------+-----------------+------------+-------------+-----------------+------+--------+------+------+-----+----+------+-----+---------+--------------------------------------------------+
* Clock Loads column represents the clock pin loads (pin count)
** Non-Clock Loads column represents the non-clock pin loads (pin count)
*** Columns FF, LUTRAM, RAMB through 'Hard IP' represents load cell counts


14. Clock Region Cell Placement per Global Clock: Region X1Y1
-------------------------------------------------------------

+-----------+-------+-----------------+------------+-------------+-----------------+------+--------+------+------+-----+----+------+-----+---------+-------------------------------------------------------------------------------+
| Global Id | Track | Driver Type/Pin | Constraint | Clock Loads | Non-Clock Loads | FF   | LUTRAM | RAMB | URAM | DSP | GT | MMCM | PLL | Hard IP | Net                                                                           |
+-----------+-------+-----------------+------------+-------------+-----------------+------+--------+------+------+-----+----+------+-----+---------+-------------------------------------------------------------------------------+
| g0        | 23    | BUFG_PS/O       | None       |        4531 |               0 | 4420 |     64 |   20 |    0 |  27 |  0 |    0 |   0 |       0 | Base_Zynq_MPSoC_i/zynq_ultra_ps_e_0/inst/pl_clk0                              |
| g1        | 20    | BUFGCE/O        | None       |           0 |              18 |   18 |      0 |    0 |    0 |   0 |  0 |    0 |   0 |       0 | Base_Zynq_MPSoC_i/ps8_0_axi_periph/xbar/inst/gen_samd.crossbar_samd/aresetn_d |
+-----------+-------+-----------------+------------+-------------+-----------------+------+--------+------+------+-----+----+------+-----+---------+-------------------------------------------------------------------------------+
* Clock Loads column represents the clock pin loads (pin count)
** Non-Clock Loads column represents the non-clock pin loads (pin count)
*** Columns FF, LUTRAM, RAMB through 'Hard IP' represents load cell counts


15. Clock Region Cell Placement per Global Clock: Region X2Y1
-------------------------------------------------------------

+-----------+-------+-----------------+------------+-------------+-----------------+------+--------+------+------+-----+----+------+-----+---------+-------------------------------------------------------------------------------+
| Global Id | Track | Driver Type/Pin | Constraint | Clock Loads | Non-Clock Loads | FF   | LUTRAM | RAMB | URAM | DSP | GT | MMCM | PLL | Hard IP | Net                                                                           |
+-----------+-------+-----------------+------------+-------------+-----------------+------+--------+------+------+-----+----+------+-----+---------+-------------------------------------------------------------------------------+
| g0        | 23    | BUFG_PS/O       | None       |        7077 |               0 | 6875 |    127 |   24 |    0 |  51 |  0 |    0 |   0 |       0 | Base_Zynq_MPSoC_i/zynq_ultra_ps_e_0/inst/pl_clk0                              |
| g1+       | 20    | BUFGCE/O        | None       |           0 |               0 |    0 |      0 |    0 |    0 |   0 |  0 |    0 |   0 |       0 | Base_Zynq_MPSoC_i/ps8_0_axi_periph/xbar/inst/gen_samd.crossbar_samd/aresetn_d |
+-----------+-------+-----------------+------------+-------------+-----------------+------+--------+------+------+-----+----+------+-----+---------+-------------------------------------------------------------------------------+
* Clock Loads column represents the clock pin loads (pin count)
** Non-Clock Loads column represents the non-clock pin loads (pin count)
*** Columns FF, LUTRAM, RAMB through 'Hard IP' represents load cell counts
**** In Global Id column, sympbol '+' indicates that global clock was used only to route through the clock region.


16. Clock Region Cell Placement per Global Clock: Region X3Y1
-------------------------------------------------------------

+-----------+-------+-----------------+------------+-------------+-----------------+------+--------+------+------+-----+----+------+-----+---------+--------------------------------------------------+
| Global Id | Track | Driver Type/Pin | Constraint | Clock Loads | Non-Clock Loads | FF   | LUTRAM | RAMB | URAM | DSP | GT | MMCM | PLL | Hard IP | Net                                              |
+-----------+-------+-----------------+------------+-------------+-----------------+------+--------+------+------+-----+----+------+-----+---------+--------------------------------------------------+
| g0        | 23    | BUFG_PS/O       | None       |        2770 |               0 | 2671 |     56 |   28 |    0 |  15 |  0 |    0 |   0 |       0 | Base_Zynq_MPSoC_i/zynq_ultra_ps_e_0/inst/pl_clk0 |
+-----------+-------+-----------------+------------+-------------+-----------------+------+--------+------+------+-----+----+------+-----+---------+--------------------------------------------------+
* Clock Loads column represents the clock pin loads (pin count)
** Non-Clock Loads column represents the non-clock pin loads (pin count)
*** Columns FF, LUTRAM, RAMB through 'Hard IP' represents load cell counts


17. Clock Region Cell Placement per Global Clock: Region X1Y2
-------------------------------------------------------------

+-----------+-------+-----------------+------------+-------------+-----------------+------+--------+------+------+-----+----+------+-----+---------+-------------------------------------------------------------------------------+
| Global Id | Track | Driver Type/Pin | Constraint | Clock Loads | Non-Clock Loads | FF   | LUTRAM | RAMB | URAM | DSP | GT | MMCM | PLL | Hard IP | Net                                                                           |
+-----------+-------+-----------------+------------+-------------+-----------------+------+--------+------+------+-----+----+------+-----+---------+-------------------------------------------------------------------------------+
| g0        | 23    | BUFG_PS/O       | None       |        3476 |               0 | 3403 |     31 |   12 |    0 |  30 |  0 |    0 |   0 |       0 | Base_Zynq_MPSoC_i/zynq_ultra_ps_e_0/inst/pl_clk0                              |
| g1        | 20    | BUFGCE/O        | None       |           0 |              34 |   34 |      0 |    0 |    0 |   0 |  0 |    0 |   0 |       0 | Base_Zynq_MPSoC_i/ps8_0_axi_periph/xbar/inst/gen_samd.crossbar_samd/aresetn_d |
+-----------+-------+-----------------+------------+-------------+-----------------+------+--------+------+------+-----+----+------+-----+---------+-------------------------------------------------------------------------------+
* Clock Loads column represents the clock pin loads (pin count)
** Non-Clock Loads column represents the non-clock pin loads (pin count)
*** Columns FF, LUTRAM, RAMB through 'Hard IP' represents load cell counts


18. Clock Region Cell Placement per Global Clock: Region X2Y2
-------------------------------------------------------------

+-----------+-------+-----------------+------------+-------------+-----------------+------+--------+------+------+-----+----+------+-----+---------+-------------------------------------------------------------------------------+
| Global Id | Track | Driver Type/Pin | Constraint | Clock Loads | Non-Clock Loads | FF   | LUTRAM | RAMB | URAM | DSP | GT | MMCM | PLL | Hard IP | Net                                                                           |
+-----------+-------+-----------------+------------+-------------+-----------------+------+--------+------+------+-----+----+------+-----+---------+-------------------------------------------------------------------------------+
| g0        | 23    | BUFG_PS/O       | None       |        5109 |               0 | 5062 |      0 |   24 |    0 |  23 |  0 |    0 |   0 |       0 | Base_Zynq_MPSoC_i/zynq_ultra_ps_e_0/inst/pl_clk0                              |
| g1+       | 20    | BUFGCE/O        | None       |           0 |               0 |    0 |      0 |    0 |    0 |   0 |  0 |    0 |   0 |       0 | Base_Zynq_MPSoC_i/ps8_0_axi_periph/xbar/inst/gen_samd.crossbar_samd/aresetn_d |
+-----------+-------+-----------------+------------+-------------+-----------------+------+--------+------+------+-----+----+------+-----+---------+-------------------------------------------------------------------------------+
* Clock Loads column represents the clock pin loads (pin count)
** Non-Clock Loads column represents the non-clock pin loads (pin count)
*** Columns FF, LUTRAM, RAMB through 'Hard IP' represents load cell counts
**** In Global Id column, sympbol '+' indicates that global clock was used only to route through the clock region.


19. Clock Region Cell Placement per Global Clock: Region X3Y2
-------------------------------------------------------------

+-----------+-------+-----------------+------------+-------------+-----------------+------+--------+------+------+-----+----+------+-----+---------+--------------------------------------------------+
| Global Id | Track | Driver Type/Pin | Constraint | Clock Loads | Non-Clock Loads | FF   | LUTRAM | RAMB | URAM | DSP | GT | MMCM | PLL | Hard IP | Net                                              |
+-----------+-------+-----------------+------------+-------------+-----------------+------+--------+------+------+-----+----+------+-----+---------+--------------------------------------------------+
| g0        | 23    | BUFG_PS/O       | None       |        2772 |               0 | 2732 |      0 |   22 |    0 |  18 |  0 |    0 |   0 |       0 | Base_Zynq_MPSoC_i/zynq_ultra_ps_e_0/inst/pl_clk0 |
+-----------+-------+-----------------+------------+-------------+-----------------+------+--------+------+------+-----+----+------+-----+---------+--------------------------------------------------+
* Clock Loads column represents the clock pin loads (pin count)
** Non-Clock Loads column represents the non-clock pin loads (pin count)
*** Columns FF, LUTRAM, RAMB through 'Hard IP' represents load cell counts


20. Clock Region Cell Placement per Global Clock: Region X1Y3
-------------------------------------------------------------

+-----------+-------+-----------------+------------+-------------+-----------------+------+--------+------+------+-----+----+------+-----+---------+-------------------------------------------------------------------------------+
| Global Id | Track | Driver Type/Pin | Constraint | Clock Loads | Non-Clock Loads | FF   | LUTRAM | RAMB | URAM | DSP | GT | MMCM | PLL | Hard IP | Net                                                                           |
+-----------+-------+-----------------+------------+-------------+-----------------+------+--------+------+------+-----+----+------+-----+---------+-------------------------------------------------------------------------------+
| g0        | 23    | BUFG_PS/O       | None       |        2572 |               0 | 2494 |     33 |   19 |    0 |  26 |  0 |    0 |   0 |       0 | Base_Zynq_MPSoC_i/zynq_ultra_ps_e_0/inst/pl_clk0                              |
| g1        | 20    | BUFGCE/O        | None       |           0 |             466 |  466 |      0 |    0 |    0 |   0 |  0 |    0 |   0 |       0 | Base_Zynq_MPSoC_i/ps8_0_axi_periph/xbar/inst/gen_samd.crossbar_samd/aresetn_d |
+-----------+-------+-----------------+------------+-------------+-----------------+------+--------+------+------+-----+----+------+-----+---------+-------------------------------------------------------------------------------+
* Clock Loads column represents the clock pin loads (pin count)
** Non-Clock Loads column represents the non-clock pin loads (pin count)
*** Columns FF, LUTRAM, RAMB through 'Hard IP' represents load cell counts


21. Clock Region Cell Placement per Global Clock: Region X2Y3
-------------------------------------------------------------

+-----------+-------+-----------------+------------+-------------+-----------------+------+--------+------+------+-----+----+------+-----+---------+-------------------------------------------------------------------------------+
| Global Id | Track | Driver Type/Pin | Constraint | Clock Loads | Non-Clock Loads | FF   | LUTRAM | RAMB | URAM | DSP | GT | MMCM | PLL | Hard IP | Net                                                                           |
+-----------+-------+-----------------+------------+-------------+-----------------+------+--------+------+------+-----+----+------+-----+---------+-------------------------------------------------------------------------------+
| g0        | 23    | BUFG_PS/O       | None       |        5762 |               0 | 5648 |     64 |   18 |    0 |  32 |  0 |    0 |   0 |       0 | Base_Zynq_MPSoC_i/zynq_ultra_ps_e_0/inst/pl_clk0                              |
| g1+       | 20    | BUFGCE/O        | None       |           0 |               0 |    0 |      0 |    0 |    0 |   0 |  0 |    0 |   0 |       0 | Base_Zynq_MPSoC_i/ps8_0_axi_periph/xbar/inst/gen_samd.crossbar_samd/aresetn_d |
+-----------+-------+-----------------+------------+-------------+-----------------+------+--------+------+------+-----+----+------+-----+---------+-------------------------------------------------------------------------------+
* Clock Loads column represents the clock pin loads (pin count)
** Non-Clock Loads column represents the non-clock pin loads (pin count)
*** Columns FF, LUTRAM, RAMB through 'Hard IP' represents load cell counts
**** In Global Id column, sympbol '+' indicates that global clock was used only to route through the clock region.


22. Clock Region Cell Placement per Global Clock: Region X3Y3
-------------------------------------------------------------

+-----------+-------+-----------------+------------+-------------+-----------------+------+--------+------+------+-----+----+------+-----+---------+--------------------------------------------------+
| Global Id | Track | Driver Type/Pin | Constraint | Clock Loads | Non-Clock Loads | FF   | LUTRAM | RAMB | URAM | DSP | GT | MMCM | PLL | Hard IP | Net                                              |
+-----------+-------+-----------------+------------+-------------+-----------------+------+--------+------+------+-----+----+------+-----+---------+--------------------------------------------------+
| g0        | 23    | BUFG_PS/O       | None       |        3736 |               0 | 3688 |      1 |   25 |    0 |  21 |  0 |    0 |   0 |       0 | Base_Zynq_MPSoC_i/zynq_ultra_ps_e_0/inst/pl_clk0 |
+-----------+-------+-----------------+------------+-------------+-----------------+------+--------+------+------+-----+----+------+-----+---------+--------------------------------------------------+
* Clock Loads column represents the clock pin loads (pin count)
** Non-Clock Loads column represents the non-clock pin loads (pin count)
*** Columns FF, LUTRAM, RAMB through 'Hard IP' represents load cell counts


23. Clock Region Cell Placement per Global Clock: Region X0Y4
-------------------------------------------------------------

+-----------+-------+-----------------+------------+-------------+-----------------+------+--------+------+------+-----+----+------+-----+---------+-------------------------------------------------------------------------------+
| Global Id | Track | Driver Type/Pin | Constraint | Clock Loads | Non-Clock Loads | FF   | LUTRAM | RAMB | URAM | DSP | GT | MMCM | PLL | Hard IP | Net                                                                           |
+-----------+-------+-----------------+------------+-------------+-----------------+------+--------+------+------+-----+----+------+-----+---------+-------------------------------------------------------------------------------+
| g0        | 23    | BUFG_PS/O       | None       |        3199 |               0 | 3069 |     84 |   16 |    0 |  30 |  0 |    0 |   0 |       0 | Base_Zynq_MPSoC_i/zynq_ultra_ps_e_0/inst/pl_clk0                              |
| g1        | 20    | BUFGCE/O        | None       |           0 |             498 |  498 |      0 |    0 |    0 |   0 |  0 |    0 |   0 |       0 | Base_Zynq_MPSoC_i/ps8_0_axi_periph/xbar/inst/gen_samd.crossbar_samd/aresetn_d |
+-----------+-------+-----------------+------------+-------------+-----------------+------+--------+------+------+-----+----+------+-----+---------+-------------------------------------------------------------------------------+
* Clock Loads column represents the clock pin loads (pin count)
** Non-Clock Loads column represents the non-clock pin loads (pin count)
*** Columns FF, LUTRAM, RAMB through 'Hard IP' represents load cell counts


24. Clock Region Cell Placement per Global Clock: Region X1Y4
-------------------------------------------------------------

+-----------+-------+-----------------+------------+-------------+-----------------+------+--------+------+------+-----+----+------+-----+---------+-------------------------------------------------------------------------------+
| Global Id | Track | Driver Type/Pin | Constraint | Clock Loads | Non-Clock Loads | FF   | LUTRAM | RAMB | URAM | DSP | GT | MMCM | PLL | Hard IP | Net                                                                           |
+-----------+-------+-----------------+------------+-------------+-----------------+------+--------+------+------+-----+----+------+-----+---------+-------------------------------------------------------------------------------+
| g0        | 23    | BUFG_PS/O       | None       |        4386 |               0 | 4282 |     49 |   21 |    0 |  34 |  0 |    0 |   0 |       0 | Base_Zynq_MPSoC_i/zynq_ultra_ps_e_0/inst/pl_clk0                              |
| g1+       | 20    | BUFGCE/O        | None       |           0 |               0 |    0 |      0 |    0 |    0 |   0 |  0 |    0 |   0 |       0 | Base_Zynq_MPSoC_i/ps8_0_axi_periph/xbar/inst/gen_samd.crossbar_samd/aresetn_d |
+-----------+-------+-----------------+------------+-------------+-----------------+------+--------+------+------+-----+----+------+-----+---------+-------------------------------------------------------------------------------+
* Clock Loads column represents the clock pin loads (pin count)
** Non-Clock Loads column represents the non-clock pin loads (pin count)
*** Columns FF, LUTRAM, RAMB through 'Hard IP' represents load cell counts
**** In Global Id column, sympbol '+' indicates that global clock was used only to route through the clock region.


25. Clock Region Cell Placement per Global Clock: Region X2Y4
-------------------------------------------------------------

+-----------+-------+-----------------+------------+-------------+-----------------+------+--------+------+------+-----+----+------+-----+---------+-------------------------------------------------------------------------------+
| Global Id | Track | Driver Type/Pin | Constraint | Clock Loads | Non-Clock Loads | FF   | LUTRAM | RAMB | URAM | DSP | GT | MMCM | PLL | Hard IP | Net                                                                           |
+-----------+-------+-----------------+------------+-------------+-----------------+------+--------+------+------+-----+----+------+-----+---------+-------------------------------------------------------------------------------+
| g0        | 23    | BUFG_PS/O       | None       |        5795 |               0 | 5649 |     95 |   17 |    0 |  34 |  0 |    0 |   0 |       0 | Base_Zynq_MPSoC_i/zynq_ultra_ps_e_0/inst/pl_clk0                              |
| g1+       | 20    | BUFGCE/O        | None       |           0 |               0 |    0 |      0 |    0 |    0 |   0 |  0 |    0 |   0 |       0 | Base_Zynq_MPSoC_i/ps8_0_axi_periph/xbar/inst/gen_samd.crossbar_samd/aresetn_d |
+-----------+-------+-----------------+------------+-------------+-----------------+------+--------+------+------+-----+----+------+-----+---------+-------------------------------------------------------------------------------+
* Clock Loads column represents the clock pin loads (pin count)
** Non-Clock Loads column represents the non-clock pin loads (pin count)
*** Columns FF, LUTRAM, RAMB through 'Hard IP' represents load cell counts
**** In Global Id column, sympbol '+' indicates that global clock was used only to route through the clock region.


26. Clock Region Cell Placement per Global Clock: Region X3Y4
-------------------------------------------------------------

+-----------+-------+-----------------+------------+-------------+-----------------+------+--------+------+------+-----+----+------+-----+---------+--------------------------------------------------+
| Global Id | Track | Driver Type/Pin | Constraint | Clock Loads | Non-Clock Loads | FF   | LUTRAM | RAMB | URAM | DSP | GT | MMCM | PLL | Hard IP | Net                                              |
+-----------+-------+-----------------+------------+-------------+-----------------+------+--------+------+------+-----+----+------+-----+---------+--------------------------------------------------+
| g0        | 23    | BUFG_PS/O       | None       |        4454 |               0 | 4355 |     64 |   20 |    0 |  15 |  0 |    0 |   0 |       0 | Base_Zynq_MPSoC_i/zynq_ultra_ps_e_0/inst/pl_clk0 |
+-----------+-------+-----------------+------------+-------------+-----------------+------+--------+------+------+-----+----+------+-----+---------+--------------------------------------------------+
* Clock Loads column represents the clock pin loads (pin count)
** Non-Clock Loads column represents the non-clock pin loads (pin count)
*** Columns FF, LUTRAM, RAMB through 'Hard IP' represents load cell counts


27. Clock Region Cell Placement per Global Clock: Region X0Y5
-------------------------------------------------------------

+-----------+-------+-----------------+------------+-------------+-----------------+-----+--------+------+------+-----+----+------+-----+---------+--------------------------------------------------+
| Global Id | Track | Driver Type/Pin | Constraint | Clock Loads | Non-Clock Loads | FF  | LUTRAM | RAMB | URAM | DSP | GT | MMCM | PLL | Hard IP | Net                                              |
+-----------+-------+-----------------+------------+-------------+-----------------+-----+--------+------+------+-----+----+------+-----+---------+--------------------------------------------------+
| g0        | 23    | BUFG_PS/O       | None       |         605 |               0 | 577 |      0 |   11 |    0 |  17 |  0 |    0 |   0 |       0 | Base_Zynq_MPSoC_i/zynq_ultra_ps_e_0/inst/pl_clk0 |
+-----------+-------+-----------------+------------+-------------+-----------------+-----+--------+------+------+-----+----+------+-----+---------+--------------------------------------------------+
* Clock Loads column represents the clock pin loads (pin count)
** Non-Clock Loads column represents the non-clock pin loads (pin count)
*** Columns FF, LUTRAM, RAMB through 'Hard IP' represents load cell counts


28. Clock Region Cell Placement per Global Clock: Region X1Y5
-------------------------------------------------------------

+-----------+-------+-----------------+------------+-------------+-----------------+------+--------+------+------+-----+----+------+-----+---------+--------------------------------------------------+
| Global Id | Track | Driver Type/Pin | Constraint | Clock Loads | Non-Clock Loads | FF   | LUTRAM | RAMB | URAM | DSP | GT | MMCM | PLL | Hard IP | Net                                              |
+-----------+-------+-----------------+------------+-------------+-----------------+------+--------+------+------+-----+----+------+-----+---------+--------------------------------------------------+
| g0        | 23    | BUFG_PS/O       | None       |        1630 |               0 | 1599 |      0 |   11 |    0 |  20 |  0 |    0 |   0 |       0 | Base_Zynq_MPSoC_i/zynq_ultra_ps_e_0/inst/pl_clk0 |
+-----------+-------+-----------------+------------+-------------+-----------------+------+--------+------+------+-----+----+------+-----+---------+--------------------------------------------------+
* Clock Loads column represents the clock pin loads (pin count)
** Non-Clock Loads column represents the non-clock pin loads (pin count)
*** Columns FF, LUTRAM, RAMB through 'Hard IP' represents load cell counts


29. Clock Region Cell Placement per Global Clock: Region X2Y5
-------------------------------------------------------------

+-----------+-------+-----------------+------------+-------------+-----------------+------+--------+------+------+-----+----+------+-----+---------+--------------------------------------------------+
| Global Id | Track | Driver Type/Pin | Constraint | Clock Loads | Non-Clock Loads | FF   | LUTRAM | RAMB | URAM | DSP | GT | MMCM | PLL | Hard IP | Net                                              |
+-----------+-------+-----------------+------------+-------------+-----------------+------+--------+------+------+-----+----+------+-----+---------+--------------------------------------------------+
| g0        | 23    | BUFG_PS/O       | None       |        5459 |               0 | 5442 |      0 |    8 |    0 |   9 |  0 |    0 |   0 |       0 | Base_Zynq_MPSoC_i/zynq_ultra_ps_e_0/inst/pl_clk0 |
+-----------+-------+-----------------+------------+-------------+-----------------+------+--------+------+------+-----+----+------+-----+---------+--------------------------------------------------+
* Clock Loads column represents the clock pin loads (pin count)
** Non-Clock Loads column represents the non-clock pin loads (pin count)
*** Columns FF, LUTRAM, RAMB through 'Hard IP' represents load cell counts


30. Clock Region Cell Placement per Global Clock: Region X3Y5
-------------------------------------------------------------

+-----------+-------+-----------------+------------+-------------+-----------------+------+--------+------+------+-----+----+------+-----+---------+--------------------------------------------------+
| Global Id | Track | Driver Type/Pin | Constraint | Clock Loads | Non-Clock Loads | FF   | LUTRAM | RAMB | URAM | DSP | GT | MMCM | PLL | Hard IP | Net                                              |
+-----------+-------+-----------------+------------+-------------+-----------------+------+--------+------+------+-----+----+------+-----+---------+--------------------------------------------------+
| g0        | 23    | BUFG_PS/O       | None       |        6505 |               0 | 6351 |    126 |   14 |    0 |  14 |  0 |    0 |   0 |       0 | Base_Zynq_MPSoC_i/zynq_ultra_ps_e_0/inst/pl_clk0 |
+-----------+-------+-----------------+------------+-------------+-----------------+------+--------+------+------+-----+----+------+-----+---------+--------------------------------------------------+
* Clock Loads column represents the clock pin loads (pin count)
** Non-Clock Loads column represents the non-clock pin loads (pin count)
*** Columns FF, LUTRAM, RAMB through 'Hard IP' represents load cell counts


